{"/home/travis/build/npmtest/node-npmtest-handlebars-helpers/test.js":{"path":"/home/travis/build/npmtest/node-npmtest-handlebars-helpers/test.js","s":{"1":2,"2":2,"3":2,"4":2,"5":2,"6":2,"7":2,"8":1,"9":2,"10":2,"11":1,"12":1,"13":1,"14":1,"15":2,"16":2,"17":2,"18":2,"19":1,"20":1,"21":2,"22":2,"23":2,"24":1,"25":1,"26":1,"27":1,"28":1,"29":1,"30":1,"31":1,"32":1,"33":1,"34":1,"35":1,"36":1,"37":1,"38":1,"39":2,"40":2,"41":1,"42":2,"43":2,"44":1,"45":2,"46":2,"47":1,"48":2,"49":2,"50":1,"51":1,"52":1,"53":1,"54":1},"b":{"1":[2,1,1,1],"2":[1,1,1,1],"3":[1,1],"4":[1,1],"5":[1,1],"6":[1,1],"7":[1,1],"8":[1,1],"9":[1,1],"10":[1,1,1],"11":[1,1],"12":[1,1],"13":[1,1],"14":[1,1],"15":[1,1],"16":[1,1],"17":[1,1]},"f":{"1":2,"2":2,"3":2,"4":2,"5":2,"6":1,"7":1,"8":1,"9":2,"10":2,"11":2,"12":2,"13":1},"fnMap":{"1":{"name":"(anonymous_1)","line":12,"loc":{"start":{"line":12,"column":1},"end":{"line":12,"column":13}}},"2":{"name":"(anonymous_2)","line":19,"loc":{"start":{"line":19,"column":5},"end":{"line":19,"column":17}}},"3":{"name":"(anonymous_3)","line":23,"loc":{"start":{"line":23,"column":24},"end":{"line":23,"column":36}}},"4":{"name":"(anonymous_4)","line":61,"loc":{"start":{"line":61,"column":5},"end":{"line":61,"column":17}}},"5":{"name":"(anonymous_5)","line":82,"loc":{"start":{"line":82,"column":5},"end":{"line":82,"column":17}}},"6":{"name":"(anonymous_6)","line":91,"loc":{"start":{"line":91,"column":77},"end":{"line":94,"column":10}}},"7":{"name":"(anonymous_7)","line":112,"loc":{"start":{"line":112,"column":83},"end":{"line":115,"column":10}},"skip":true},"8":{"name":"(anonymous_8)","line":123,"loc":{"start":{"line":123,"column":77},"end":{"line":126,"column":10}},"skip":true},"9":{"name":"(anonymous_9)","line":139,"loc":{"start":{"line":139,"column":12},"end":{"line":139,"column":40}},"skip":true},"10":{"name":"(anonymous_10)","line":147,"loc":{"start":{"line":147,"column":77},"end":{"line":150,"column":10}},"skip":true},"11":{"name":"(anonymous_11)","line":158,"loc":{"start":{"line":158,"column":83},"end":{"line":161,"column":10}},"skip":true},"12":{"name":"(anonymous_12)","line":169,"loc":{"start":{"line":169,"column":79},"end":{"line":172,"column":10}},"skip":true},"13":{"name":"(anonymous_13)","line":180,"loc":{"start":{"line":180,"column":75},"end":{"line":183,"column":10}},"skip":true}},"statementMap":{"1":{"start":{"line":12,"column":0},"end":{"line":195,"column":5}},"2":{"start":{"line":14,"column":4},"end":{"line":14,"column":14}},"3":{"start":{"line":19,"column":4},"end":{"line":56,"column":9}},"4":{"start":{"line":21,"column":8},"end":{"line":21,"column":19}},"5":{"start":{"line":23,"column":8},"end":{"line":35,"column":13}},"6":{"start":{"line":24,"column":12},"end":{"line":34,"column":13}},"7":{"start":{"line":25,"column":16},"end":{"line":28,"column":30}},"8":{"start":{"line":30,"column":16},"end":{"line":33,"column":27}},"9":{"start":{"line":37,"column":8},"end":{"line":39,"column":21}},"10":{"start":{"line":40,"column":8},"end":{"line":53,"column":9}},"11":{"start":{"line":43,"column":12},"end":{"line":46,"column":14}},"12":{"start":{"line":47,"column":12},"end":{"line":47,"column":18}},"13":{"start":{"line":50,"column":12},"end":{"line":51,"column":46}},"14":{"start":{"line":52,"column":12},"end":{"line":52,"column":18}},"15":{"start":{"line":55,"column":8},"end":{"line":55,"column":35}},"16":{"start":{"line":61,"column":4},"end":{"line":63,"column":9}},"17":{"start":{"line":62,"column":8},"end":{"line":62,"column":15}},"18":{"start":{"line":64,"column":4},"end":{"line":77,"column":5}},"19":{"start":{"line":70,"column":8},"end":{"line":70,"column":14}},"20":{"start":{"line":76,"column":8},"end":{"line":76,"column":14}},"21":{"start":{"line":82,"column":4},"end":{"line":84,"column":9}},"22":{"start":{"line":83,"column":8},"end":{"line":83,"column":15}},"23":{"start":{"line":85,"column":4},"end":{"line":194,"column":5}},"24":{"start":{"line":91,"column":8},"end":{"line":99,"column":10}},"25":{"start":{"line":98,"column":12},"end":{"line":98,"column":35}},"26":{"start":{"line":102,"column":8},"end":{"line":104,"column":63}},"27":{"start":{"line":105,"column":8},"end":{"line":105,"column":14}},"28":{"start":{"line":112,"column":8},"end":{"line":121,"column":10},"skip":true},"29":{"start":{"line":119,"column":12},"end":{"line":119,"column":55},"skip":true},"30":{"start":{"line":120,"column":12},"end":{"line":120,"column":48},"skip":true},"31":{"start":{"line":123,"column":8},"end":{"line":136,"column":10},"skip":true},"32":{"start":{"line":130,"column":12},"end":{"line":130,"column":76},"skip":true},"33":{"start":{"line":131,"column":12},"end":{"line":131,"column":73},"skip":true},"34":{"start":{"line":132,"column":12},"end":{"line":132,"column":74},"skip":true},"35":{"start":{"line":133,"column":12},"end":{"line":133,"column":79},"skip":true},"36":{"start":{"line":134,"column":12},"end":{"line":134,"column":25},"skip":true},"37":{"start":{"line":135,"column":12},"end":{"line":135,"column":45},"skip":true},"38":{"start":{"line":138,"column":8},"end":{"line":145,"column":14},"skip":true},"39":{"start":{"line":143,"column":16},"end":{"line":143,"column":29},"skip":true},"40":{"start":{"line":144,"column":16},"end":{"line":144,"column":55},"skip":true},"41":{"start":{"line":147,"column":8},"end":{"line":156,"column":10},"skip":true},"42":{"start":{"line":154,"column":12},"end":{"line":154,"column":25},"skip":true},"43":{"start":{"line":155,"column":12},"end":{"line":155,"column":45},"skip":true},"44":{"start":{"line":158,"column":8},"end":{"line":167,"column":10},"skip":true},"45":{"start":{"line":165,"column":12},"end":{"line":165,"column":25},"skip":true},"46":{"start":{"line":166,"column":12},"end":{"line":166,"column":48},"skip":true},"47":{"start":{"line":169,"column":8},"end":{"line":178,"column":10},"skip":true},"48":{"start":{"line":176,"column":12},"end":{"line":176,"column":25},"skip":true},"49":{"start":{"line":177,"column":12},"end":{"line":177,"column":46},"skip":true},"50":{"start":{"line":180,"column":8},"end":{"line":189,"column":10},"skip":true},"51":{"start":{"line":187,"column":12},"end":{"line":187,"column":94},"skip":true},"52":{"start":{"line":188,"column":12},"end":{"line":188,"column":48},"skip":true},"53":{"start":{"line":192,"column":8},"end":{"line":192,"column":35},"skip":true},"54":{"start":{"line":193,"column":8},"end":{"line":193,"column":14},"skip":true}},"branchMap":{"1":{"line":25,"type":"binary-expr","locations":[{"start":{"line":25,"column":23},"end":{"line":25,"column":62}},{"start":{"line":26,"column":20},"end":{"line":26,"column":70}},{"start":{"line":27,"column":20},"end":{"line":27,"column":71}},{"start":{"line":28,"column":20},"end":{"line":28,"column":29}}]},"2":{"line":30,"type":"binary-expr","locations":[{"start":{"line":30,"column":23},"end":{"line":30,"column":37}},{"start":{"line":31,"column":20},"end":{"line":31,"column":61}},{"start":{"line":32,"column":20},"end":{"line":32,"column":70}},{"start":{"line":33,"column":20},"end":{"line":33,"column":26}}]},"3":{"line":37,"type":"cond-expr","locations":[{"start":{"line":38,"column":14},"end":{"line":38,"column":20}},{"start":{"line":39,"column":14},"end":{"line":39,"column":20}}]},"4":{"line":40,"type":"switch","locations":[{"start":{"line":42,"column":8},"end":{"line":47,"column":18}},{"start":{"line":49,"column":8},"end":{"line":52,"column":18}}]},"5":{"line":44,"type":"binary-expr","locations":[{"start":{"line":44,"column":16},"end":{"line":44,"column":44}},{"start":{"line":44,"column":48},"end":{"line":44,"column":66}}]},"6":{"line":50,"type":"binary-expr","locations":[{"start":{"line":50,"column":21},"end":{"line":50,"column":49}},{"start":{"line":50,"column":53},"end":{"line":50,"column":72}}]},"7":{"line":64,"type":"switch","locations":[{"start":{"line":69,"column":4},"end":{"line":70,"column":14}},{"start":{"line":75,"column":4},"end":{"line":76,"column":14}}]},"8":{"line":85,"type":"switch","locations":[{"start":{"line":90,"column":4},"end":{"line":105,"column":14}},{"start":{"line":111,"column":4},"end":{"line":193,"column":14},"skip":true}]},"9":{"line":91,"type":"binary-expr","locations":[{"start":{"line":91,"column":42},"end":{"line":91,"column":73}},{"start":{"line":91,"column":77},"end":{"line":99,"column":9}}]},"10":{"line":102,"type":"binary-expr","locations":[{"start":{"line":102,"column":18},"end":{"line":102,"column":32}},{"start":{"line":103,"column":12},"end":{"line":103,"column":53}},{"start":{"line":104,"column":12},"end":{"line":104,"column":61}}]},"11":{"line":112,"type":"binary-expr","locations":[{"start":{"line":112,"column":45},"end":{"line":112,"column":79},"skip":true},{"start":{"line":112,"column":83},"end":{"line":121,"column":9},"skip":true}]},"12":{"line":123,"type":"binary-expr","locations":[{"start":{"line":123,"column":42},"end":{"line":123,"column":73},"skip":true},{"start":{"line":123,"column":77},"end":{"line":136,"column":9},"skip":true}]},"13":{"line":138,"type":"binary-expr","locations":[{"start":{"line":138,"column":48},"end":{"line":138,"column":85},"skip":true},{"start":{"line":139,"column":12},"end":{"line":145,"column":13},"skip":true}]},"14":{"line":147,"type":"binary-expr","locations":[{"start":{"line":147,"column":42},"end":{"line":147,"column":73},"skip":true},{"start":{"line":147,"column":77},"end":{"line":156,"column":9},"skip":true}]},"15":{"line":158,"type":"binary-expr","locations":[{"start":{"line":158,"column":45},"end":{"line":158,"column":79},"skip":true},{"start":{"line":158,"column":83},"end":{"line":167,"column":9},"skip":true}]},"16":{"line":169,"type":"binary-expr","locations":[{"start":{"line":169,"column":43},"end":{"line":169,"column":75},"skip":true},{"start":{"line":169,"column":79},"end":{"line":178,"column":9},"skip":true}]},"17":{"line":180,"type":"binary-expr","locations":[{"start":{"line":180,"column":41},"end":{"line":180,"column":71},"skip":true},{"start":{"line":180,"column":75},"end":{"line":189,"column":9},"skip":true}]}},"code":["/* istanbul instrument in package npmtest_handlebars_helpers */","/*jslint","    bitwise: true,","    browser: true,","    maxerr: 8,","    maxlen: 96,","    node: true,","    nomen: true,","    regexp: true,","    stupid: true","*/","(function () {","    'use strict';","    var local;","","","","    // run shared js-env code - pre-init","    (function () {","        // init local","        local = {};","        // init modeJs","        local.modeJs = (function () {","            try {","                return typeof navigator.userAgent === 'string' &&","                    typeof document.querySelector('body') === 'object' &&","                    typeof XMLHttpRequest.prototype.open === 'function' &&","                    'browser';","            } catch (errorCaughtBrowser) {","                return module.exports &&","                    typeof process.versions.node === 'string' &&","                    typeof require('http').createServer === 'function' &&","                    'node';","            }","        }());","        // init global","        local.global = local.modeJs === 'browser'","            ? window","            : global;","        switch (local.modeJs) {","        // re-init local from window.local","        case 'browser':","            local = local.global.utility2.objectSetDefault(","                local.global.utility2_rollup || local.global.local,","                local.global.utility2","            );","            break;","        // re-init local from example.js","        case 'node':","            local = (local.global.utility2_rollup || require('utility2'))","                .requireExampleJsFromReadme();","            break;","        }","        // export local","        local.global.local = local;","    }());","","","","    // run shared js-env code - function","    (function () {","        return;","    }());","    switch (local.modeJs) {","","","","    // run browser js-env code - function","    case 'browser':","        break;","","","","    // run node js-env code - function","    case 'node':","        break;","    }","","","","    // run shared js-env code - post-init","    (function () {","        return;","    }());","    switch (local.modeJs) {","","","","    // run browser js-env code - post-init","    case 'browser':","        local.testCase_browser_nullCase = local.testCase_browser_nullCase || function (","            options,","            onError","        ) {","        /*","         * this function will test browsers's null-case handling-behavior-behavior","         */","            onError(null, options);","        };","","        // run tests","        local.nop(local.modeTest &&","            document.querySelector('#testRunButton1') &&","            document.querySelector('#testRunButton1').click());","        break;","","","","    // run node js-env code - post-init","    /* istanbul ignore next */","    case 'node':","        local.testCase_buildApidoc_default = local.testCase_buildApidoc_default || function (","            options,","            onError","        ) {","        /*","         * this function will test buildApidoc's default handling-behavior-behavior","         */","            options = { modulePathList: module.paths };","            local.buildApidoc(options, onError);","        };","","        local.testCase_buildApp_default = local.testCase_buildApp_default || function (","            options,","            onError","        ) {","        /*","         * this function will test buildApp's default handling-behavior-behavior","         */","            local.testCase_buildReadme_default(options, local.onErrorThrow);","            local.testCase_buildLib_default(options, local.onErrorThrow);","            local.testCase_buildTest_default(options, local.onErrorThrow);","            local.testCase_buildCustomOrg_default(options, local.onErrorThrow);","            options = [];","            local.buildApp(options, onError);","        };","","        local.testCase_buildCustomOrg_default = local.testCase_buildCustomOrg_default ||","            function (options, onError) {","            /*","             * this function will test buildCustomOrg's default handling-behavior","             */","                options = {};","                local.buildCustomOrg(options, onError);","            };","","        local.testCase_buildLib_default = local.testCase_buildLib_default || function (","            options,","            onError","        ) {","        /*","         * this function will test buildLib's default handling-behavior","         */","            options = {};","            local.buildLib(options, onError);","        };","","        local.testCase_buildReadme_default = local.testCase_buildReadme_default || function (","            options,","            onError","        ) {","        /*","         * this function will test buildReadme's default handling-behavior-behavior","         */","            options = {};","            local.buildReadme(options, onError);","        };","","        local.testCase_buildTest_default = local.testCase_buildTest_default || function (","            options,","            onError","        ) {","        /*","         * this function will test buildTest's default handling-behavior","         */","            options = {};","            local.buildTest(options, onError);","        };","","        local.testCase_webpage_default = local.testCase_webpage_default || function (","            options,","            onError","        ) {","        /*","         * this function will test webpage's default handling-behavior","         */","            options = { modeCoverageMerge: true, url: local.serverLocalHost + '?modeTest=1' };","            local.browserTest(options, onError);","        };","","        // run test-server","        local.testRunServer(local);","        break;","    }","}());",""],"l":{"12":2,"14":2,"19":2,"21":2,"23":2,"24":2,"25":2,"30":1,"37":2,"40":2,"43":1,"47":1,"50":1,"52":1,"55":2,"61":2,"62":2,"64":2,"70":1,"76":1,"82":2,"83":2,"85":2,"91":1,"98":1,"102":1,"105":1,"112":1,"119":1,"120":1,"123":1,"130":1,"131":1,"132":1,"133":1,"134":1,"135":1,"138":1,"143":2,"144":2,"147":1,"154":2,"155":2,"158":1,"165":2,"166":2,"169":1,"176":2,"177":2,"180":1,"187":1,"188":1,"192":1,"193":1}},"/home/travis/build/npmtest/node-npmtest-handlebars-helpers/lib.npmtest_handlebars_helpers.js":{"path":"/home/travis/build/npmtest/node-npmtest-handlebars-helpers/lib.npmtest_handlebars_helpers.js","s":{"1":2,"2":2,"3":2,"4":2,"5":2,"6":2,"7":2,"8":1,"9":2,"10":2,"11":2,"12":2,"13":1,"14":1,"15":1,"16":1},"b":{"1":[2,1,1,1],"2":[1,1,1,1],"3":[1,1],"4":[2,2],"5":[1,1]},"f":{"1":2,"2":2,"3":2},"fnMap":{"1":{"name":"(anonymous_1)","line":12,"loc":{"start":{"line":12,"column":1},"end":{"line":12,"column":13}}},"2":{"name":"(anonymous_2)","line":19,"loc":{"start":{"line":19,"column":5},"end":{"line":19,"column":17}}},"3":{"name":"(anonymous_3)","line":23,"loc":{"start":{"line":23,"column":24},"end":{"line":23,"column":36}}}},"statementMap":{"1":{"start":{"line":12,"column":0},"end":{"line":53,"column":5}},"2":{"start":{"line":14,"column":4},"end":{"line":14,"column":14}},"3":{"start":{"line":19,"column":4},"end":{"line":52,"column":9}},"4":{"start":{"line":21,"column":8},"end":{"line":21,"column":19}},"5":{"start":{"line":23,"column":8},"end":{"line":35,"column":13}},"6":{"start":{"line":24,"column":12},"end":{"line":34,"column":13}},"7":{"start":{"line":25,"column":16},"end":{"line":28,"column":30}},"8":{"start":{"line":30,"column":16},"end":{"line":33,"column":27}},"9":{"start":{"line":37,"column":8},"end":{"line":39,"column":21}},"10":{"start":{"line":41,"column":8},"end":{"line":41,"column":54}},"11":{"start":{"line":43,"column":8},"end":{"line":43,"column":63}},"12":{"start":{"line":45,"column":8},"end":{"line":51,"column":9}},"13":{"start":{"line":46,"column":12},"end":{"line":46,"column":69}},"14":{"start":{"line":48,"column":12},"end":{"line":48,"column":35}},"15":{"start":{"line":49,"column":12},"end":{"line":49,"column":49}},"16":{"start":{"line":50,"column":12},"end":{"line":50,"column":43}}},"branchMap":{"1":{"line":25,"type":"binary-expr","locations":[{"start":{"line":25,"column":23},"end":{"line":25,"column":62}},{"start":{"line":26,"column":20},"end":{"line":26,"column":70}},{"start":{"line":27,"column":20},"end":{"line":27,"column":71}},{"start":{"line":28,"column":20},"end":{"line":28,"column":29}}]},"2":{"line":30,"type":"binary-expr","locations":[{"start":{"line":30,"column":23},"end":{"line":30,"column":37}},{"start":{"line":31,"column":20},"end":{"line":31,"column":61}},{"start":{"line":32,"column":20},"end":{"line":32,"column":70}},{"start":{"line":33,"column":20},"end":{"line":33,"column":26}}]},"3":{"line":37,"type":"cond-expr","locations":[{"start":{"line":38,"column":14},"end":{"line":38,"column":20}},{"start":{"line":39,"column":14},"end":{"line":39,"column":20}}]},"4":{"line":41,"type":"binary-expr","locations":[{"start":{"line":41,"column":16},"end":{"line":41,"column":44}},{"start":{"line":41,"column":48},"end":{"line":41,"column":53}}]},"5":{"line":45,"type":"if","locations":[{"start":{"line":45,"column":8},"end":{"line":45,"column":8}},{"start":{"line":45,"column":8},"end":{"line":45,"column":8}}]}},"code":["/* istanbul instrument in package npmtest_handlebars_helpers */","/*jslint","    bitwise: true,","    browser: true,","    maxerr: 8,","    maxlen: 96,","    node: true,","    nomen: true,","    regexp: true,","    stupid: true","*/","(function () {","    'use strict';","    var local;","","","","    // run shared js-env code - pre-init","    (function () {","        // init local","        local = {};","        // init modeJs","        local.modeJs = (function () {","            try {","                return typeof navigator.userAgent === 'string' &&","                    typeof document.querySelector('body') === 'object' &&","                    typeof XMLHttpRequest.prototype.open === 'function' &&","                    'browser';","            } catch (errorCaughtBrowser) {","                return module.exports &&","                    typeof process.versions.node === 'string' &&","                    typeof require('http').createServer === 'function' &&","                    'node';","            }","        }());","        // init global","        local.global = local.modeJs === 'browser'","            ? window","            : global;","        // init utility2_rollup","        local = local.global.utility2_rollup || local;","        // init lib","        local.local = local.npmtest_handlebars_helpers = local;","        // init exports","        if (local.modeJs === 'browser') {","            local.global.utility2_npmtest_handlebars_helpers = local;","        } else {","            module.exports = local;","            module.exports.__dirname = __dirname;","            module.exports.module = module;","        }","    }());","}());",""],"l":{"12":2,"14":2,"19":2,"21":2,"23":2,"24":2,"25":2,"30":1,"37":2,"41":2,"43":2,"45":2,"46":1,"48":1,"49":1,"50":1}},"/home/travis/build/npmtest/node-npmtest-handlebars-helpers/example.js":{"path":"/home/travis/build/npmtest/node-npmtest-handlebars-helpers/example.js","s":{"1":2,"2":2,"3":2,"4":2,"5":2,"6":2,"7":2,"8":1,"9":2,"10":2,"11":2,"12":2,"13":1,"14":2,"15":2,"16":2,"17":2,"18":2,"19":0,"20":2,"21":1,"22":1,"23":1,"24":1,"25":1,"26":0,"27":0,"28":1,"29":1,"30":2,"31":0,"32":0,"33":0,"34":1,"35":2,"36":2,"37":3,"38":3,"39":3,"40":3,"41":0,"42":3,"43":3,"44":3,"45":1,"46":3,"47":1,"48":1,"49":1,"50":1,"51":1,"52":1,"53":1,"54":1,"55":1,"56":1,"57":0,"58":1,"59":6,"60":6,"61":1,"62":2,"63":0,"64":2,"65":1,"66":1,"67":0,"68":0,"69":0,"70":0,"71":0,"72":0,"73":0,"74":0,"75":0,"76":0,"77":0,"78":0,"79":0,"80":0,"81":0,"82":0,"83":0},"b":{"1":[2,1,1,1],"2":[1,1,1,1],"3":[1,1],"4":[2,2],"5":[1,1],"6":[1,1],"7":[2,0],"8":[2,1,1,1,1,1],"9":[0,2,0],"10":[1,1],"11":[2,1,1],"12":[1,0],"13":[0,2],"14":[2,0,0,0,0,0,0],"15":[0,3],"16":[3,0],"17":[1,1],"18":[0,1],"19":[1,2,0,2],"20":[1,0],"21":[1,1],"22":[0,0],"23":[0,0],"24":[0,0],"25":[0,0],"26":[0,0],"27":[0,0],"28":[0,0]},"f":{"1":2,"2":2,"3":2,"4":2,"5":2,"6":2,"7":3,"8":3,"9":3,"10":1,"11":6,"12":0},"fnMap":{"1":{"name":"(anonymous_1)","line":26,"loc":{"start":{"line":26,"column":1},"end":{"line":26,"column":13}}},"2":{"name":"(anonymous_2)","line":33,"loc":{"start":{"line":33,"column":5},"end":{"line":33,"column":17}}},"3":{"name":"(anonymous_3)","line":37,"loc":{"start":{"line":37,"column":24},"end":{"line":37,"column":36}}},"4":{"name":"(anonymous_4)","line":69,"loc":{"start":{"line":69,"column":31},"end":{"line":69,"column":48}},"skip":true},"5":{"name":"(anonymous_5)","line":78,"loc":{"start":{"line":78,"column":26},"end":{"line":78,"column":45}},"skip":true},"6":{"name":"(anonymous_6)","line":123,"loc":{"start":{"line":123,"column":33},"end":{"line":123,"column":48}},"skip":true},"7":{"name":"(anonymous_7)","line":125,"loc":{"start":{"line":125,"column":27},"end":{"line":125,"column":39}},"skip":true},"8":{"name":"(anonymous_8)","line":133,"loc":{"start":{"line":133,"column":59},"end":{"line":133,"column":74}},"skip":true},"9":{"name":"(anonymous_9)","line":143,"loc":{"start":{"line":143,"column":45},"end":{"line":143,"column":62}},"skip":true},"10":{"name":"(anonymous_10)","line":144,"loc":{"start":{"line":144,"column":73},"end":{"line":144,"column":92}},"skip":true},"11":{"name":"(anonymous_11)","line":272,"loc":{"start":{"line":272,"column":51},"end":{"line":272,"column":77}},"skip":true},"12":{"name":"(anonymous_12)","line":315,"loc":{"start":{"line":315,"column":32},"end":{"line":315,"column":61}},"skip":true}},"statementMap":{"1":{"start":{"line":26,"column":0},"end":{"line":326,"column":5}},"2":{"start":{"line":28,"column":4},"end":{"line":28,"column":14}},"3":{"start":{"line":33,"column":4},"end":{"line":60,"column":9}},"4":{"start":{"line":35,"column":8},"end":{"line":35,"column":19}},"5":{"start":{"line":37,"column":8},"end":{"line":49,"column":13}},"6":{"start":{"line":38,"column":12},"end":{"line":48,"column":13}},"7":{"start":{"line":39,"column":16},"end":{"line":42,"column":30}},"8":{"start":{"line":44,"column":16},"end":{"line":47,"column":27}},"9":{"start":{"line":51,"column":8},"end":{"line":53,"column":21}},"10":{"start":{"line":55,"column":8},"end":{"line":57,"column":45}},"11":{"start":{"line":59,"column":8},"end":{"line":59,"column":35}},"12":{"start":{"line":61,"column":4},"end":{"line":325,"column":5}},"13":{"start":{"line":69,"column":8},"end":{"line":121,"column":10},"skip":true},"14":{"start":{"line":70,"column":12},"end":{"line":88,"column":13},"skip":true},"15":{"start":{"line":76,"column":16},"end":{"line":87,"column":19},"skip":true},"16":{"start":{"line":79,"column":20},"end":{"line":86,"column":21},"skip":true},"17":{"start":{"line":82,"column":24},"end":{"line":82,"column":43},"skip":true},"18":{"start":{"line":83,"column":24},"end":{"line":83,"column":30},"skip":true},"19":{"start":{"line":85,"column":24},"end":{"line":85,"column":49},"skip":true},"20":{"start":{"line":89,"column":12},"end":{"line":107,"column":13},"skip":true},"21":{"start":{"line":92,"column":16},"end":{"line":102,"column":17},"skip":true},"22":{"start":{"line":93,"column":20},"end":{"line":93,"column":86},"skip":true},"23":{"start":{"line":94,"column":20},"end":{"line":95,"column":45},"skip":true},"24":{"start":{"line":96,"column":20},"end":{"line":96,"column":42},"skip":true},"25":{"start":{"line":97,"column":20},"end":{"line":97,"column":48},"skip":true},"26":{"start":{"line":100,"column":20},"end":{"line":100,"column":85},"skip":true},"27":{"start":{"line":101,"column":20},"end":{"line":101,"column":96},"skip":true},"28":{"start":{"line":103,"column":16},"end":{"line":103,"column":22},"skip":true},"29":{"start":{"line":106,"column":16},"end":{"line":106,"column":22},"skip":true},"30":{"start":{"line":108,"column":12},"end":{"line":120,"column":13},"skip":true},"31":{"start":{"line":114,"column":16},"end":{"line":119,"column":17},"skip":true},"32":{"start":{"line":116,"column":20},"end":{"line":116,"column":78},"skip":true},"33":{"start":{"line":118,"column":20},"end":{"line":118,"column":47},"skip":true},"34":{"start":{"line":123,"column":8},"end":{"line":141,"column":11},"skip":true},"35":{"start":{"line":124,"column":12},"end":{"line":124,"column":54},"skip":true},"36":{"start":{"line":125,"column":12},"end":{"line":140,"column":14},"skip":true},"37":{"start":{"line":126,"column":16},"end":{"line":126,"column":28},"skip":true},"38":{"start":{"line":127,"column":16},"end":{"line":127,"column":69},"skip":true},"39":{"start":{"line":128,"column":16},"end":{"line":128,"column":75},"skip":true},"40":{"start":{"line":129,"column":16},"end":{"line":131,"column":17},"skip":true},"41":{"start":{"line":130,"column":20},"end":{"line":130,"column":27},"skip":true},"42":{"start":{"line":133,"column":16},"end":{"line":137,"column":36},"skip":true},"43":{"start":{"line":134,"column":20},"end":{"line":136,"column":55},"skip":true},"44":{"start":{"line":139,"column":16},"end":{"line":139,"column":57},"skip":true},"45":{"start":{"line":143,"column":8},"end":{"line":147,"column":11},"skip":true},"46":{"start":{"line":144,"column":12},"end":{"line":146,"column":15},"skip":true},"47":{"start":{"line":145,"column":16},"end":{"line":145,"column":70},"skip":true},"48":{"start":{"line":149,"column":8},"end":{"line":149,"column":31},"skip":true},"49":{"start":{"line":150,"column":8},"end":{"line":150,"column":14},"skip":true},"50":{"start":{"line":158,"column":8},"end":{"line":158,"column":31},"skip":true},"51":{"start":{"line":160,"column":8},"end":{"line":160,"column":33},"skip":true},"52":{"start":{"line":161,"column":8},"end":{"line":161,"column":37},"skip":true},"53":{"start":{"line":162,"column":8},"end":{"line":162,"column":35},"skip":true},"54":{"start":{"line":164,"column":8},"end":{"line":164,"column":50},"skip":true},"55":{"start":{"line":166,"column":8},"end":{"line":256,"column":2},"skip":true},"56":{"start":{"line":258,"column":8},"end":{"line":286,"column":9},"skip":true},"57":{"start":{"line":259,"column":12},"end":{"line":269,"column":14},"skip":true},"58":{"start":{"line":271,"column":12},"end":{"line":285,"column":19},"skip":true},"59":{"start":{"line":274,"column":20},"end":{"line":274,"column":35},"skip":true},"60":{"start":{"line":275,"column":20},"end":{"line":284,"column":21},"skip":true},"61":{"start":{"line":277,"column":24},"end":{"line":277,"column":64},"skip":true},"62":{"start":{"line":279,"column":24},"end":{"line":279,"column":40},"skip":true},"63":{"start":{"line":281,"column":24},"end":{"line":281,"column":40},"skip":true},"64":{"start":{"line":283,"column":24},"end":{"line":283,"column":39},"skip":true},"65":{"start":{"line":288,"column":8},"end":{"line":290,"column":9},"skip":true},"66":{"start":{"line":289,"column":12},"end":{"line":289,"column":18},"skip":true},"67":{"start":{"line":291,"column":8},"end":{"line":293,"column":54},"skip":true},"68":{"start":{"line":296,"column":8},"end":{"line":301,"column":37},"skip":true},"69":{"start":{"line":303,"column":8},"end":{"line":303,"column":82},"skip":true},"70":{"start":{"line":306,"column":8},"end":{"line":308,"column":9},"skip":true},"71":{"start":{"line":307,"column":12},"end":{"line":307,"column":82},"skip":true},"72":{"start":{"line":310,"column":8},"end":{"line":312,"column":9},"skip":true},"73":{"start":{"line":311,"column":12},"end":{"line":311,"column":18},"skip":true},"74":{"start":{"line":313,"column":8},"end":{"line":313,"column":54},"skip":true},"75":{"start":{"line":314,"column":8},"end":{"line":314,"column":69},"skip":true},"76":{"start":{"line":315,"column":8},"end":{"line":323,"column":36},"skip":true},"77":{"start":{"line":316,"column":12},"end":{"line":316,"column":61},"skip":true},"78":{"start":{"line":317,"column":12},"end":{"line":320,"column":13},"skip":true},"79":{"start":{"line":318,"column":16},"end":{"line":318,"column":75},"skip":true},"80":{"start":{"line":319,"column":16},"end":{"line":319,"column":23},"skip":true},"81":{"start":{"line":321,"column":12},"end":{"line":321,"column":38},"skip":true},"82":{"start":{"line":322,"column":12},"end":{"line":322,"column":27},"skip":true},"83":{"start":{"line":324,"column":8},"end":{"line":324,"column":14},"skip":true}},"branchMap":{"1":{"line":39,"type":"binary-expr","locations":[{"start":{"line":39,"column":23},"end":{"line":39,"column":62}},{"start":{"line":40,"column":20},"end":{"line":40,"column":70}},{"start":{"line":41,"column":20},"end":{"line":41,"column":71}},{"start":{"line":42,"column":20},"end":{"line":42,"column":29}}]},"2":{"line":44,"type":"binary-expr","locations":[{"start":{"line":44,"column":23},"end":{"line":44,"column":37}},{"start":{"line":45,"column":20},"end":{"line":45,"column":61}},{"start":{"line":46,"column":20},"end":{"line":46,"column":70}},{"start":{"line":47,"column":20},"end":{"line":47,"column":26}}]},"3":{"line":51,"type":"cond-expr","locations":[{"start":{"line":52,"column":14},"end":{"line":52,"column":20}},{"start":{"line":53,"column":14},"end":{"line":53,"column":20}}]},"4":{"line":55,"type":"binary-expr","locations":[{"start":{"line":55,"column":16},"end":{"line":55,"column":44}},{"start":{"line":55,"column":49},"end":{"line":57,"column":43}}]},"5":{"line":55,"type":"cond-expr","locations":[{"start":{"line":56,"column":14},"end":{"line":56,"column":62}},{"start":{"line":57,"column":14},"end":{"line":57,"column":43}}]},"6":{"line":61,"type":"switch","locations":[{"start":{"line":68,"column":4},"end":{"line":150,"column":14},"skip":true},{"start":{"line":156,"column":4},"end":{"line":324,"column":14},"skip":true}]},"7":{"line":70,"type":"if","locations":[{"start":{"line":70,"column":12},"end":{"line":70,"column":12},"skip":true},{"start":{"line":70,"column":12},"end":{"line":70,"column":12},"skip":true}]},"8":{"line":70,"type":"binary-expr","locations":[{"start":{"line":70,"column":16},"end":{"line":70,"column":22},"skip":true},{"start":{"line":70,"column":27},"end":{"line":70,"column":32},"skip":true},{"start":{"line":71,"column":20},"end":{"line":71,"column":39},"skip":true},{"start":{"line":72,"column":20},"end":{"line":72,"column":49},"skip":true},{"start":{"line":73,"column":20},"end":{"line":73,"column":58},"skip":true},{"start":{"line":74,"column":20},"end":{"line":74,"column":69},"skip":true}]},"9":{"line":79,"type":"switch","locations":[{"start":{"line":80,"column":20},"end":{"line":80,"column":33},"skip":true},{"start":{"line":81,"column":20},"end":{"line":83,"column":30},"skip":true},{"start":{"line":84,"column":20},"end":{"line":85,"column":49},"skip":true}]},"10":{"line":89,"type":"switch","locations":[{"start":{"line":90,"column":12},"end":{"line":103,"column":22},"skip":true},{"start":{"line":105,"column":12},"end":{"line":106,"column":22},"skip":true}]},"11":{"line":89,"type":"binary-expr","locations":[{"start":{"line":89,"column":20},"end":{"line":89,"column":25},"skip":true},{"start":{"line":89,"column":29},"end":{"line":89,"column":48},"skip":true},{"start":{"line":89,"column":52},"end":{"line":89,"column":74},"skip":true}]},"12":{"line":92,"type":"if","locations":[{"start":{"line":92,"column":16},"end":{"line":92,"column":16},"skip":true},{"start":{"line":92,"column":16},"end":{"line":92,"column":16},"skip":true}]},"13":{"line":108,"type":"if","locations":[{"start":{"line":108,"column":12},"end":{"line":108,"column":12},"skip":true},{"start":{"line":108,"column":12},"end":{"line":108,"column":12},"skip":true}]},"14":{"line":108,"type":"binary-expr","locations":[{"start":{"line":108,"column":16},"end":{"line":108,"column":61},"skip":true},{"start":{"line":108,"column":66},"end":{"line":108,"column":72},"skip":true},{"start":{"line":108,"column":77},"end":{"line":108,"column":82},"skip":true},{"start":{"line":109,"column":20},"end":{"line":109,"column":39},"skip":true},{"start":{"line":110,"column":20},"end":{"line":110,"column":49},"skip":true},{"start":{"line":111,"column":20},"end":{"line":111,"column":58},"skip":true},{"start":{"line":112,"column":20},"end":{"line":112,"column":68},"skip":true}]},"15":{"line":129,"type":"if","locations":[{"start":{"line":129,"column":16},"end":{"line":129,"column":16},"skip":true},{"start":{"line":129,"column":16},"end":{"line":129,"column":16},"skip":true}]},"16":{"line":134,"type":"cond-expr","locations":[{"start":{"line":135,"column":26},"end":{"line":135,"column":29},"skip":true},{"start":{"line":136,"column":26},"end":{"line":136,"column":54},"skip":true}]},"17":{"line":164,"type":"binary-expr","locations":[{"start":{"line":164,"column":27},"end":{"line":164,"column":43},"skip":true},{"start":{"line":164,"column":47},"end":{"line":164,"column":49},"skip":true}]},"18":{"line":258,"type":"if","locations":[{"start":{"line":258,"column":8},"end":{"line":258,"column":8},"skip":true},{"start":{"line":258,"column":8},"end":{"line":258,"column":8},"skip":true}]},"19":{"line":275,"type":"switch","locations":[{"start":{"line":276,"column":20},"end":{"line":277,"column":64},"skip":true},{"start":{"line":278,"column":20},"end":{"line":279,"column":40},"skip":true},{"start":{"line":280,"column":20},"end":{"line":281,"column":40},"skip":true},{"start":{"line":282,"column":20},"end":{"line":283,"column":39},"skip":true}]},"20":{"line":288,"type":"if","locations":[{"start":{"line":288,"column":8},"end":{"line":288,"column":8},"skip":true},{"start":{"line":288,"column":8},"end":{"line":288,"column":8},"skip":true}]},"21":{"line":288,"type":"binary-expr","locations":[{"start":{"line":288,"column":12},"end":{"line":288,"column":40},"skip":true},{"start":{"line":288,"column":44},"end":{"line":288,"column":67},"skip":true}]},"22":{"line":292,"type":"binary-expr","locations":[{"start":{"line":292,"column":12},"end":{"line":292,"column":50},"skip":true},{"start":{"line":293,"column":12},"end":{"line":293,"column":53},"skip":true}]},"23":{"line":297,"type":"binary-expr","locations":[{"start":{"line":297,"column":12},"end":{"line":297,"column":76},"skip":true},{"start":{"line":298,"column":12},"end":{"line":301,"column":36},"skip":true}]},"24":{"line":303,"type":"binary-expr","locations":[{"start":{"line":303,"column":43},"end":{"line":303,"column":75},"skip":true},{"start":{"line":303,"column":79},"end":{"line":303,"column":81},"skip":true}]},"25":{"line":306,"type":"if","locations":[{"start":{"line":306,"column":8},"end":{"line":306,"column":8},"skip":true},{"start":{"line":306,"column":8},"end":{"line":306,"column":8},"skip":true}]},"26":{"line":310,"type":"if","locations":[{"start":{"line":310,"column":8},"end":{"line":310,"column":8},"skip":true},{"start":{"line":310,"column":8},"end":{"line":310,"column":8},"skip":true}]},"27":{"line":313,"type":"binary-expr","locations":[{"start":{"line":313,"column":27},"end":{"line":313,"column":43},"skip":true},{"start":{"line":313,"column":47},"end":{"line":313,"column":53},"skip":true}]},"28":{"line":317,"type":"if","locations":[{"start":{"line":317,"column":12},"end":{"line":317,"column":12},"skip":true},{"start":{"line":317,"column":12},"end":{"line":317,"column":12},"skip":true}]}},"code":["/*","example.js","","quickstart example","","instruction","    1. save this script as example.js","    2. run the shell command:","        $ npm install npmtest-handlebars-helpers && PORT=8081 node example.js","    3. play with the browser-demo on http://127.0.0.1:8081","*/","","","","/* istanbul instrument in package npmtest_handlebars_helpers */","/*jslint","    bitwise: true,","    browser: true,","    maxerr: 8,","    maxlen: 96,","    node: true,","    nomen: true,","    regexp: true,","    stupid: true","*/","(function () {","    'use strict';","    var local;","","","","    // run shared js-env code - pre-init","    (function () {","        // init local","        local = {};","        // init modeJs","        local.modeJs = (function () {","            try {","                return typeof navigator.userAgent === 'string' &&","                    typeof document.querySelector('body') === 'object' &&","                    typeof XMLHttpRequest.prototype.open === 'function' &&","                    'browser';","            } catch (errorCaughtBrowser) {","                return module.exports &&","                    typeof process.versions.node === 'string' &&","                    typeof require('http').createServer === 'function' &&","                    'node';","            }","        }());","        // init global","        local.global = local.modeJs === 'browser'","            ? window","            : global;","        // init utility2_rollup","        local = local.global.utility2_rollup || (local.modeJs === 'browser'","            ? local.global.utility2_npmtest_handlebars_helpers","            : global.utility2_moduleExports);","        // export local","        local.global.local = local;","    }());","    switch (local.modeJs) {","","","","    // post-init","    // run browser js-env code - post-init","    /* istanbul ignore next */","    case 'browser':","        local.testRunBrowser = function (event) {","            if (!event || (event &&","                    event.currentTarget &&","                    event.currentTarget.className &&","                    event.currentTarget.className.includes &&","                    event.currentTarget.className.includes('onreset'))) {","                // reset output","                Array.from(","                    document.querySelectorAll('body > .resettable')","                ).forEach(function (element) {","                    switch (element.tagName) {","                    case 'INPUT':","                    case 'TEXTAREA':","                        element.value = '';","                        break;","                    default:","                        element.textContent = '';","                    }","                });","            }","            switch (event && event.currentTarget && event.currentTarget.id) {","            case 'testRunButton1':","                // show tests","                if (document.querySelector('#testReportDiv1').style.display === 'none') {","                    document.querySelector('#testReportDiv1').style.display = 'block';","                    document.querySelector('#testRunButton1').textContent =","                        'hide internal test';","                    local.modeTest = true;","                    local.testRunDefault(local);","                // hide tests","                } else {","                    document.querySelector('#testReportDiv1').style.display = 'none';","                    document.querySelector('#testRunButton1').textContent = 'run internal test';","                }","                break;","            // custom-case","            default:","                break;","            }","            if (document.querySelector('#inputTextareaEval1') && (!event || (event &&","                    event.currentTarget &&","                    event.currentTarget.className &&","                    event.currentTarget.className.includes &&","                    event.currentTarget.className.includes('oneval')))) {","                // try to eval input-code","                try {","                    /*jslint evil: true*/","                    eval(document.querySelector('#inputTextareaEval1').value);","                } catch (errorCaught) {","                    console.error(errorCaught);","                }","            }","        };","        // log stderr and stdout to #outputTextareaStdout1","        ['error', 'log'].forEach(function (key) {","            console[key + '_original'] = console[key];","            console[key] = function () {","                var element;","                console[key + '_original'].apply(console, arguments);","                element = document.querySelector('#outputTextareaStdout1');","                if (!element) {","                    return;","                }","                // append text to #outputTextareaStdout1","                element.value += Array.from(arguments).map(function (arg) {","                    return typeof arg === 'string'","                        ? arg","                        : JSON.stringify(arg, null, 4);","                }).join(' ') + '\\n';","                // scroll textarea to bottom","                element.scrollTop = element.scrollHeight;","            };","        });","        // init event-handling","        ['change', 'click', 'keyup'].forEach(function (event) {","            Array.from(document.querySelectorAll('.on' + event)).forEach(function (element) {","                element.addEventListener(event, local.testRunBrowser);","            });","        });","        // run tests","        local.testRunBrowser();","        break;","","","","    // run node js-env code - post-init","    /* istanbul ignore next */","    case 'node':","        // export local","        module.exports = local;","        // require modules","        local.fs = require('fs');","        local.http = require('http');","        local.url = require('url');","        // init assets","        local.assetsDict = local.assetsDict || {};","        /* jslint-ignore-begin */","        local.assetsDict['/assets.index.template.html'] = '\\","<!doctype html>\\n\\","<html lang=\"en\">\\n\\","<head>\\n\\","<meta charset=\"UTF-8\">\\n\\","<meta name=\"viewport\" content=\"width=device-width, initial-scale=1\">\\n\\","<title>{{env.npm_package_name}} (v{{env.npm_package_version}})</title>\\n\\","<style>\\n\\","/*csslint\\n\\","    box-sizing: false,\\n\\","    universal-selector: false\\n\\","*/\\n\\","* {\\n\\","    box-sizing: border-box;\\n\\","}\\n\\","body {\\n\\","    background: #dde;\\n\\","    font-family: Arial, Helvetica, sans-serif;\\n\\","    margin: 2rem;\\n\\","}\\n\\","body > * {\\n\\","    margin-bottom: 1rem;\\n\\","}\\n\\",".utility2FooterDiv {\\n\\","    margin-top: 20px;\\n\\","    text-align: center;\\n\\","}\\n\\","</style>\\n\\","<style>\\n\\","/*csslint\\n\\","*/\\n\\","textarea {\\n\\","    font-family: monospace;\\n\\","    height: 10rem;\\n\\","    width: 100%;\\n\\","}\\n\\","textarea[readonly] {\\n\\","    background: #ddd;\\n\\","}\\n\\","</style>\\n\\","</head>\\n\\","<body>\\n\\","<!-- utility2-comment\\n\\","<div id=\"ajaxProgressDiv1\" style=\"background: #d00; height: 2px; left: 0; margin: 0; padding: 0; position: fixed; top: 0; transition: background 0.5s, width 1.5s; width: 25%;\"></div>\\n\\","utility2-comment -->\\n\\","<h1>\\n\\","<!-- utility2-comment\\n\\","    <a\\n\\","        {{#if env.npm_package_homepage}}\\n\\","        href=\"{{env.npm_package_homepage}}\"\\n\\","        {{/if env.npm_package_homepage}}\\n\\","        target=\"_blank\"\\n\\","    >\\n\\","utility2-comment -->\\n\\","        {{env.npm_package_name}} (v{{env.npm_package_version}})\\n\\","<!-- utility2-comment\\n\\","    </a>\\n\\","utility2-comment -->\\n\\","</h1>\\n\\","<h3>{{env.npm_package_description}}</h3>\\n\\","<!-- utility2-comment\\n\\","<h4><a download href=\"assets.app.js\">download standalone app</a></h4>\\n\\","<button class=\"onclick onreset\" id=\"testRunButton1\">run internal test</button><br>\\n\\","<div id=\"testReportDiv1\" style=\"display: none;\"></div>\\n\\","utility2-comment -->\\n\\","\\n\\","\\n\\","\\n\\","<label>stderr and stdout</label>\\n\\","<textarea class=\"resettable\" id=\"outputTextareaStdout1\" readonly></textarea>\\n\\","<!-- utility2-comment\\n\\","{{#if isRollup}}\\n\\","<script src=\"assets.app.js\"></script>\\n\\","{{#unless isRollup}}\\n\\","utility2-comment -->\\n\\","<script src=\"assets.utility2.rollup.js\"></script>\\n\\","<script src=\"jsonp.utility2._stateInit?callback=window.utility2._stateInit\"></script>\\n\\","<script src=\"assets.npmtest_handlebars_helpers.rollup.js\"></script>\\n\\","<script src=\"assets.example.js\"></script>\\n\\","<script src=\"assets.test.js\"></script>\\n\\","<!-- utility2-comment\\n\\","{{/if isRollup}}\\n\\","utility2-comment -->\\n\\","<div class=\"utility2FooterDiv\">\\n\\","    [ this app was created with\\n\\","    <a href=\"https://github.com/kaizhu256/node-utility2\" target=\"_blank\">utility2</a>\\n\\","    ]\\n\\","</div>\\n\\","</body>\\n\\","</html>\\n\\","';","        /* jslint-ignore-end */","        if (local.templateRender) {","            local.assetsDict['/'] = local.templateRender(","                local.assetsDict['/assets.index.template.html'],","                {","                    env: local.objectSetDefault(local.env, {","                        npm_package_description: 'the greatest app in the world!',","                        npm_package_name: 'my-app',","                        npm_package_nameAlias: 'my_app',","                        npm_package_version: '0.0.1'","                    })","                }","            );","        } else {","            local.assetsDict['/'] = local.assetsDict['/assets.index.template.html']","                .replace((/\\{\\{env\\.(\\w+?)\\}\\}/g), function (match0, match1) {","                    // jslint-hack","                    String(match0);","                    switch (match1) {","                    case 'npm_package_description':","                        return 'the greatest app in the world!';","                    case 'npm_package_name':","                        return 'my-app';","                    case 'npm_package_nameAlias':","                        return 'my_app';","                    case 'npm_package_version':","                        return '0.0.1';","                    }","                });","        }","        // run the cli","        if (local.global.utility2_rollup || module !== require.main) {","            break;","        }","        local.assetsDict['/assets.example.js'] =","            local.assetsDict['/assets.example.js'] ||","            local.fs.readFileSync(__filename, 'utf8');","        // bug-workaround - long $npm_package_buildCustomOrg","        /* jslint-ignore-begin */","        local.assetsDict['/assets.npmtest_handlebars_helpers.rollup.js'] =","            local.assetsDict['/assets.npmtest_handlebars_helpers.rollup.js'] ||","            local.fs.readFileSync(","                local.npmtest_handlebars_helpers.__dirname + '/lib.npmtest_handlebars_helpers.js',","                'utf8'","            ).replace((/^#!/), '//');","        /* jslint-ignore-end */","        local.assetsDict['/favicon.ico'] = local.assetsDict['/favicon.ico'] || '';","        // if $npm_config_timeout_exit exists,","        // then exit this process after $npm_config_timeout_exit ms","        if (Number(process.env.npm_config_timeout_exit)) {","            setTimeout(process.exit, Number(process.env.npm_config_timeout_exit));","        }","        // start server","        if (local.global.utility2_serverHttp1) {","            break;","        }","        process.env.PORT = process.env.PORT || '8081';","        console.error('server starting on port ' + process.env.PORT);","        local.http.createServer(function (request, response) {","            request.urlParsed = local.url.parse(request.url);","            if (local.assetsDict[request.urlParsed.pathname] !== undefined) {","                response.end(local.assetsDict[request.urlParsed.pathname]);","                return;","            }","            response.statusCode = 404;","            response.end();","        }).listen(process.env.PORT);","        break;","    }","}());",""],"l":{"26":2,"28":2,"33":2,"35":2,"37":2,"38":2,"39":2,"44":1,"51":2,"55":2,"59":2,"61":2,"69":1,"70":2,"76":2,"79":2,"82":2,"83":2,"85":1,"89":2,"92":1,"93":1,"94":1,"96":1,"97":1,"100":1,"101":1,"103":1,"106":1,"108":2,"114":1,"116":1,"118":1,"123":1,"124":2,"125":2,"126":3,"127":3,"128":3,"129":3,"130":1,"133":3,"134":3,"139":3,"143":1,"144":3,"145":1,"149":1,"150":1,"158":1,"160":1,"161":1,"162":1,"164":1,"166":1,"258":1,"259":1,"271":1,"274":6,"275":6,"277":1,"279":2,"281":1,"283":2,"288":1,"289":1,"291":1,"296":1,"303":1,"306":1,"307":1,"310":1,"311":1,"313":1,"314":1,"315":1,"316":1,"317":1,"318":1,"319":1,"321":1,"322":1,"324":1}},"/home/travis/build/npmtest/node-npmtest-handlebars-helpers/node_modules/handlebars-helpers/index.js":{"path":"/home/travis/build/npmtest/node-npmtest-handlebars-helpers/node_modules/handlebars-helpers/index.js","s":{"1":1,"2":1,"3":1,"4":1,"5":0,"6":0,"7":0,"8":0,"9":0,"10":0,"11":0,"12":0,"13":0,"14":0,"15":0,"16":0,"17":0,"18":0,"19":1,"20":19,"21":0,"22":0,"23":0,"24":0,"25":0,"26":1},"b":{"1":[0,0],"2":[0,0],"3":[0,0],"4":[0,0,0],"5":[0,0],"6":[0,0],"7":[0,0,0]},"f":{"1":0,"2":0,"3":0,"4":19,"5":0},"fnMap":{"1":{"name":"helpers","line":18,"loc":{"start":{"line":18,"column":17},"end":{"line":18,"column":51}}},"2":{"name":"(anonymous_2)","line":32,"loc":{"start":{"line":32,"column":19},"end":{"line":32,"column":33}}},"3":{"name":"(anonymous_3)","line":36,"loc":{"start":{"line":36,"column":15},"end":{"line":36,"column":36}}},"4":{"name":"(anonymous_4)","line":47,"loc":{"start":{"line":47,"column":11},"end":{"line":47,"column":32}}},"5":{"name":"(anonymous_5)","line":48,"loc":{"start":{"line":48,"column":30},"end":{"line":48,"column":48}}}},"statementMap":{"1":{"start":{"line":10,"column":0},"end":{"line":10,"column":30}},"2":{"start":{"line":11,"column":0},"end":{"line":11,"column":40}},"3":{"start":{"line":12,"column":0},"end":{"line":12,"column":28}},"4":{"start":{"line":18,"column":0},"end":{"line":41,"column":2}},"5":{"start":{"line":19,"column":2},"end":{"line":24,"column":3}},"6":{"start":{"line":20,"column":4},"end":{"line":20,"column":22}},"7":{"start":{"line":21,"column":9},"end":{"line":24,"column":3}},"8":{"start":{"line":22,"column":4},"end":{"line":22,"column":21}},"9":{"start":{"line":23,"column":4},"end":{"line":23,"column":18}},"10":{"start":{"line":26,"column":2},"end":{"line":26,"column":26}},"11":{"start":{"line":27,"column":2},"end":{"line":27,"column":71}},"12":{"start":{"line":29,"column":2},"end":{"line":29,"column":44}},"13":{"start":{"line":31,"column":2},"end":{"line":39,"column":3}},"14":{"start":{"line":32,"column":4},"end":{"line":34,"column":7}},"15":{"start":{"line":33,"column":6},"end":{"line":33,"column":35}},"16":{"start":{"line":36,"column":4},"end":{"line":38,"column":7}},"17":{"start":{"line":37,"column":6},"end":{"line":37,"column":32}},"18":{"start":{"line":40,"column":2},"end":{"line":40,"column":21}},"19":{"start":{"line":47,"column":0},"end":{"line":55,"column":3}},"20":{"start":{"line":48,"column":2},"end":{"line":54,"column":5}},"21":{"start":{"line":49,"column":4},"end":{"line":49,"column":28}},"22":{"start":{"line":50,"column":4},"end":{"line":50,"column":73}},"23":{"start":{"line":51,"column":4},"end":{"line":51,"column":46}},"24":{"start":{"line":52,"column":4},"end":{"line":52,"column":30}},"25":{"start":{"line":53,"column":4},"end":{"line":53,"column":23}},"26":{"start":{"line":61,"column":0},"end":{"line":61,"column":46}}},"branchMap":{"1":{"line":19,"type":"if","locations":[{"start":{"line":19,"column":2},"end":{"line":19,"column":2}},{"start":{"line":19,"column":2},"end":{"line":19,"column":2}}]},"2":{"line":21,"type":"if","locations":[{"start":{"line":21,"column":9},"end":{"line":21,"column":9}},{"start":{"line":21,"column":9},"end":{"line":21,"column":9}}]},"3":{"line":26,"type":"binary-expr","locations":[{"start":{"line":26,"column":12},"end":{"line":26,"column":19}},{"start":{"line":26,"column":23},"end":{"line":26,"column":25}}]},"4":{"line":27,"type":"binary-expr","locations":[{"start":{"line":27,"column":12},"end":{"line":27,"column":30}},{"start":{"line":27,"column":34},"end":{"line":27,"column":45}},{"start":{"line":27,"column":49},"end":{"line":27,"column":70}}]},"5":{"line":31,"type":"if","locations":[{"start":{"line":31,"column":2},"end":{"line":31,"column":2}},{"start":{"line":31,"column":2},"end":{"line":31,"column":2}}]},"6":{"line":49,"type":"binary-expr","locations":[{"start":{"line":49,"column":14},"end":{"line":49,"column":21}},{"start":{"line":49,"column":25},"end":{"line":49,"column":27}}]},"7":{"line":50,"type":"binary-expr","locations":[{"start":{"line":50,"column":14},"end":{"line":50,"column":32}},{"start":{"line":50,"column":36},"end":{"line":50,"column":47}},{"start":{"line":50,"column":51},"end":{"line":50,"column":72}}]}},"code":["/*!"," * handlebars-helpers <https://github.com/assemble/handlebars-helpers>"," *"," * Copyright (c) 2013-2016 Jon Schlinkert, Brian Woodward."," * Licensed under the MIT license."," */","","'use strict';","","var forIn = require('for-in');","var define = require('define-property');","var lib = require('./lib/');","","/**"," * Expose helpers"," */","","module.exports = function helpers(groups, options) {","  if (typeof groups === 'string') {","    groups = [groups];","  } else if (!Array.isArray(groups)) {","    options = groups;","    groups = null;","  }","","  options = options || {};","  var hbs = options.handlebars || options.hbs || require('handlebars');","","  define(module.exports, 'handlebars', hbs);","","  if (groups) {","    groups.forEach(function(key) {","      hbs.registerHelper(lib[key]);","    });","  } else {","    forIn(lib, function(group, key) {","      hbs.registerHelper(group);","    });","  }","  return hbs.helpers;","};","","/**"," * Expose helper groups"," */","","forIn(lib, function(group, key) {","  define(module.exports, key, function(options) {","    options = options || {};","    var hbs = options.handlebars || options.hbs || require('handlebars');","    define(module.exports, 'handlebars', hbs);","    hbs.registerHelper(group);","    return hbs.helpers;","  });","});","","/**"," * Expose `utils`"," */","","module.exports.utils = require('./lib/utils');",""],"l":{"10":1,"11":1,"12":1,"18":1,"19":0,"20":0,"21":0,"22":0,"23":0,"26":0,"27":0,"29":0,"31":0,"32":0,"33":0,"36":0,"37":0,"40":0,"47":1,"48":19,"49":0,"50":0,"51":0,"52":0,"53":0,"61":1}},"/home/travis/build/npmtest/node-npmtest-handlebars-helpers/node_modules/handlebars-helpers/lib/index.js":{"path":"/home/travis/build/npmtest/node-npmtest-handlebars-helpers/node_modules/handlebars-helpers/lib/index.js","s":{"1":1},"b":{},"f":{},"fnMap":{},"statementMap":{"1":{"start":{"line":3,"column":0},"end":{"line":23,"column":2}}},"branchMap":{},"code":["'use strict';","","module.exports = {","  array: require('./array'),","  code: require('./code'),","  collection: require('./collection'),","  comparison: require('./comparison'),","  date: require('./date'),","  fs: require('./fs'),","  html: require('./html'),","  i18n: require('./i18n'),","  inflection: require('./inflection'),","  logging: require('./logging'),","  markdown: require('./markdown'),","  match: require('./match'),","  math: require('./math'),","  misc: require('./misc'),","  number: require('./number'),","  object: require('./object'),","  path: require('./path'),","  string: require('./string'),","  url: require('./url')","};",""],"l":{"3":1}},"/home/travis/build/npmtest/node-npmtest-handlebars-helpers/node_modules/handlebars-helpers/lib/array.js":{"path":"/home/travis/build/npmtest/node-npmtest-handlebars-helpers/node_modules/handlebars-helpers/lib/array.js","s":{"1":1,"2":1,"3":1,"4":0,"5":0,"6":0,"7":1,"8":0,"9":1,"10":0,"11":0,"12":0,"13":1,"14":0,"15":0,"16":0,"17":0,"18":1,"19":0,"20":0,"21":0,"22":0,"23":0,"24":0,"25":0,"26":0,"27":0,"28":0,"29":0,"30":0,"31":0,"32":1,"33":0,"34":0,"35":0,"36":0,"37":0,"38":1,"39":0,"40":0,"41":0,"42":0,"43":0,"44":0,"45":0,"46":0,"47":0,"48":0,"49":0,"50":0,"51":0,"52":1,"53":0,"54":0,"55":0,"56":1,"57":0,"58":1,"59":0,"60":0,"61":0,"62":0,"63":1,"64":0,"65":0,"66":0,"67":1,"68":0,"69":0,"70":0,"71":1,"72":0,"73":0,"74":0,"75":0,"76":0,"77":0,"78":0,"79":0,"80":0,"81":0,"82":1,"83":0,"84":0,"85":0,"86":0,"87":0,"88":0,"89":0,"90":0,"91":1,"92":0,"93":0,"94":0,"95":0,"96":0,"97":1,"98":0,"99":0,"100":0,"101":0,"102":0,"103":0,"104":0,"105":0,"106":0,"107":1,"108":0,"109":0,"110":0,"111":0,"112":0,"113":0,"114":1,"115":0,"116":0,"117":0,"118":0,"119":0,"120":0,"121":1,"122":0,"123":0,"124":0,"125":0,"126":0,"127":0,"128":0,"129":0,"130":0,"131":0,"132":0,"133":0,"134":0,"135":0,"136":1,"137":0,"138":0,"139":0,"140":0,"141":0,"142":0,"143":0,"144":0,"145":0,"146":0,"147":0,"148":0,"149":0,"150":0,"151":1,"152":0,"153":0,"154":0,"155":0,"156":0,"157":0,"158":0,"159":0,"160":0,"161":0,"162":0,"163":0,"164":0,"165":0,"166":0,"167":0,"168":0,"169":0,"170":0,"171":0,"172":0},"b":{"1":[0,0],"2":[0,0],"3":[0,0],"4":[0,0],"5":[0,0],"6":[0,0],"7":[0,0],"8":[0,0],"9":[0,0],"10":[0,0],"11":[0,0],"12":[0,0],"13":[0,0],"14":[0,0],"15":[0,0],"16":[0,0],"17":[0,0],"18":[0,0],"19":[0,0],"20":[0,0],"21":[0,0],"22":[0,0],"23":[0,0],"24":[0,0],"25":[0,0],"26":[0,0],"27":[0,0],"28":[0,0],"29":[0,0],"30":[0,0],"31":[0,0],"32":[0,0],"33":[0,0],"34":[0,0],"35":[0,0],"36":[0,0],"37":[0,0],"38":[0,0],"39":[0,0],"40":[0,0]},"f":{"1":0,"2":0,"3":0,"4":0,"5":0,"6":0,"7":0,"8":0,"9":0,"10":0,"11":0,"12":0,"13":0,"14":0,"15":0,"16":0,"17":0,"18":0,"19":0,"20":0,"21":0,"22":0,"23":0,"24":0},"fnMap":{"1":{"name":"(anonymous_1)","line":26,"loc":{"start":{"line":26,"column":16},"end":{"line":26,"column":35}}},"2":{"name":"(anonymous_2)","line":43,"loc":{"start":{"line":43,"column":19},"end":{"line":43,"column":35}}},"3":{"name":"(anonymous_3)","line":62,"loc":{"start":{"line":62,"column":17},"end":{"line":62,"column":36}}},"4":{"name":"(anonymous_4)","line":80,"loc":{"start":{"line":80,"column":20},"end":{"line":80,"column":45}}},"5":{"name":"(anonymous_5)","line":106,"loc":{"start":{"line":106,"column":17},"end":{"line":106,"column":49}}},"6":{"name":"(anonymous_6)","line":113,"loc":{"start":{"line":113,"column":34},"end":{"line":113,"column":48}}},"7":{"name":"(anonymous_7)","line":119,"loc":{"start":{"line":119,"column":34},"end":{"line":119,"column":46}}},"8":{"name":"(anonymous_8)","line":147,"loc":{"start":{"line":147,"column":16},"end":{"line":147,"column":35}}},"9":{"name":"(anonymous_9)","line":190,"loc":{"start":{"line":190,"column":18},"end":{"line":190,"column":43}}},"10":{"name":"(anonymous_10)","line":232,"loc":{"start":{"line":232,"column":18},"end":{"line":232,"column":50}}},"11":{"name":"(anonymous_11)","line":252,"loc":{"start":{"line":252,"column":18},"end":{"line":252,"column":34}}},"12":{"name":"(anonymous_12)","line":274,"loc":{"start":{"line":274,"column":15},"end":{"line":274,"column":36}}},"13":{"name":"(anonymous_13)","line":296,"loc":{"start":{"line":296,"column":15},"end":{"line":296,"column":34}}},"14":{"name":"(anonymous_14)","line":318,"loc":{"start":{"line":318,"column":22},"end":{"line":318,"column":55}}},"15":{"name":"(anonymous_15)","line":345,"loc":{"start":{"line":345,"column":14},"end":{"line":345,"column":34}}},"16":{"name":"(anonymous_16)","line":380,"loc":{"start":{"line":380,"column":15},"end":{"line":380,"column":42}}},"17":{"name":"(anonymous_17)","line":410,"loc":{"start":{"line":410,"column":15},"end":{"line":410,"column":38}}},"18":{"name":"(anonymous_18)","line":437,"loc":{"start":{"line":437,"column":17},"end":{"line":437,"column":41}}},"19":{"name":"(anonymous_19)","line":463,"loc":{"start":{"line":463,"column":20},"end":{"line":463,"column":50}}},"20":{"name":"(anonymous_20)","line":491,"loc":{"start":{"line":491,"column":21},"end":{"line":491,"column":51}}},"21":{"name":"(anonymous_21)","line":514,"loc":{"start":{"line":514,"column":20},"end":{"line":514,"column":48}}},"22":{"name":"(anonymous_22)","line":548,"loc":{"start":{"line":548,"column":19},"end":{"line":548,"column":49}}},"23":{"name":"(anonymous_23)","line":583,"loc":{"start":{"line":583,"column":19},"end":{"line":583,"column":50}}},"24":{"name":"(anonymous_24)","line":601,"loc":{"start":{"line":601,"column":13},"end":{"line":601,"column":28}}}},"statementMap":{"1":{"start":{"line":3,"column":0},"end":{"line":3,"column":31}},"2":{"start":{"line":9,"column":0},"end":{"line":9,"column":29}},"3":{"start":{"line":26,"column":0},"end":{"line":29,"column":2}},"4":{"start":{"line":27,"column":2},"end":{"line":27,"column":42}},"5":{"start":{"line":27,"column":32},"end":{"line":27,"column":42}},"6":{"start":{"line":28,"column":2},"end":{"line":28,"column":24}},"7":{"start":{"line":43,"column":0},"end":{"line":45,"column":2}},"8":{"start":{"line":44,"column":2},"end":{"line":44,"column":63}},"9":{"start":{"line":62,"column":0},"end":{"line":65,"column":2}},"10":{"start":{"line":63,"column":2},"end":{"line":63,"column":42}},"11":{"start":{"line":63,"column":32},"end":{"line":63,"column":42}},"12":{"start":{"line":64,"column":2},"end":{"line":64,"column":28}},"13":{"start":{"line":80,"column":0},"end":{"line":86,"column":2}},"14":{"start":{"line":81,"column":2},"end":{"line":81,"column":18}},"15":{"start":{"line":82,"column":2},"end":{"line":84,"column":3}},"16":{"start":{"line":83,"column":4},"end":{"line":83,"column":53}},"17":{"start":{"line":85,"column":2},"end":{"line":85,"column":16}},"18":{"start":{"line":106,"column":0},"end":{"line":131,"column":2}},"19":{"start":{"line":107,"column":2},"end":{"line":107,"column":19}},"20":{"start":{"line":108,"column":2},"end":{"line":108,"column":19}},"21":{"start":{"line":111,"column":2},"end":{"line":111,"column":51}},"22":{"start":{"line":112,"column":2},"end":{"line":122,"column":3}},"23":{"start":{"line":113,"column":4},"end":{"line":115,"column":7}},"24":{"start":{"line":114,"column":6},"end":{"line":114,"column":44}},"25":{"start":{"line":119,"column":4},"end":{"line":121,"column":7}},"26":{"start":{"line":120,"column":6},"end":{"line":120,"column":25}},"27":{"start":{"line":124,"column":2},"end":{"line":129,"column":3}},"28":{"start":{"line":125,"column":4},"end":{"line":127,"column":5}},"29":{"start":{"line":126,"column":6},"end":{"line":126,"column":40}},"30":{"start":{"line":128,"column":4},"end":{"line":128,"column":19}},"31":{"start":{"line":130,"column":2},"end":{"line":130,"column":31}},"32":{"start":{"line":147,"column":0},"end":{"line":153,"column":2}},"33":{"start":{"line":148,"column":2},"end":{"line":148,"column":42}},"34":{"start":{"line":148,"column":32},"end":{"line":148,"column":42}},"35":{"start":{"line":149,"column":2},"end":{"line":151,"column":3}},"36":{"start":{"line":150,"column":4},"end":{"line":150,"column":20}},"37":{"start":{"line":152,"column":2},"end":{"line":152,"column":27}},"38":{"start":{"line":190,"column":0},"end":{"line":206,"column":2}},"39":{"start":{"line":191,"column":2},"end":{"line":191,"column":54}},"40":{"start":{"line":192,"column":2},"end":{"line":192,"column":25}},"41":{"start":{"line":193,"column":2},"end":{"line":193,"column":18}},"42":{"start":{"line":194,"column":2},"end":{"line":194,"column":13}},"43":{"start":{"line":196,"column":2},"end":{"line":204,"column":3}},"44":{"start":{"line":197,"column":4},"end":{"line":197,"column":24}},"45":{"start":{"line":198,"column":4},"end":{"line":198,"column":19}},"46":{"start":{"line":199,"column":4},"end":{"line":199,"column":23}},"47":{"start":{"line":200,"column":4},"end":{"line":200,"column":21}},"48":{"start":{"line":201,"column":4},"end":{"line":201,"column":27}},"49":{"start":{"line":202,"column":4},"end":{"line":202,"column":34}},"50":{"start":{"line":203,"column":4},"end":{"line":203,"column":45}},"51":{"start":{"line":205,"column":2},"end":{"line":205,"column":16}},"52":{"start":{"line":232,"column":0},"end":{"line":237,"column":2}},"53":{"start":{"line":233,"column":2},"end":{"line":235,"column":3}},"54":{"start":{"line":234,"column":4},"end":{"line":234,"column":28}},"55":{"start":{"line":236,"column":2},"end":{"line":236,"column":31}},"56":{"start":{"line":252,"column":0},"end":{"line":254,"column":2}},"57":{"start":{"line":253,"column":2},"end":{"line":253,"column":30}},"58":{"start":{"line":274,"column":0},"end":{"line":280,"column":2}},"59":{"start":{"line":275,"column":2},"end":{"line":275,"column":42}},"60":{"start":{"line":275,"column":32},"end":{"line":275,"column":42}},"61":{"start":{"line":276,"column":2},"end":{"line":278,"column":10}},"62":{"start":{"line":279,"column":2},"end":{"line":279,"column":25}},"63":{"start":{"line":296,"column":0},"end":{"line":301,"column":2}},"64":{"start":{"line":297,"column":2},"end":{"line":299,"column":3}},"65":{"start":{"line":298,"column":4},"end":{"line":298,"column":35}},"66":{"start":{"line":300,"column":2},"end":{"line":300,"column":25}},"67":{"start":{"line":318,"column":0},"end":{"line":323,"column":2}},"68":{"start":{"line":319,"column":2},"end":{"line":321,"column":3}},"69":{"start":{"line":320,"column":4},"end":{"line":320,"column":28}},"70":{"start":{"line":322,"column":2},"end":{"line":322,"column":31}},"71":{"start":{"line":345,"column":0},"end":{"line":358,"column":2}},"72":{"start":{"line":346,"column":2},"end":{"line":346,"column":42}},"73":{"start":{"line":346,"column":32},"end":{"line":346,"column":42}},"74":{"start":{"line":347,"column":2},"end":{"line":349,"column":3}},"75":{"start":{"line":348,"column":4},"end":{"line":348,"column":40}},"76":{"start":{"line":350,"column":2},"end":{"line":350,"column":25}},"77":{"start":{"line":351,"column":2},"end":{"line":351,"column":27}},"78":{"start":{"line":352,"column":2},"end":{"line":352,"column":13}},"79":{"start":{"line":354,"column":2},"end":{"line":356,"column":3}},"80":{"start":{"line":355,"column":4},"end":{"line":355,"column":36}},"81":{"start":{"line":357,"column":2},"end":{"line":357,"column":13}},"82":{"start":{"line":380,"column":0},"end":{"line":392,"column":2}},"83":{"start":{"line":381,"column":2},"end":{"line":381,"column":32}},"84":{"start":{"line":382,"column":2},"end":{"line":384,"column":3}},"85":{"start":{"line":383,"column":4},"end":{"line":383,"column":33}},"86":{"start":{"line":385,"column":2},"end":{"line":385,"column":31}},"87":{"start":{"line":386,"column":2},"end":{"line":390,"column":3}},"88":{"start":{"line":387,"column":4},"end":{"line":389,"column":5}},"89":{"start":{"line":388,"column":6},"end":{"line":388,"column":30}},"90":{"start":{"line":391,"column":2},"end":{"line":391,"column":31}},"91":{"start":{"line":410,"column":0},"end":{"line":416,"column":2}},"92":{"start":{"line":411,"column":2},"end":{"line":411,"column":40}},"93":{"start":{"line":411,"column":30},"end":{"line":411,"column":40}},"94":{"start":{"line":412,"column":2},"end":{"line":414,"column":3}},"95":{"start":{"line":413,"column":4},"end":{"line":413,"column":32}},"96":{"start":{"line":415,"column":2},"end":{"line":415,"column":20}},"97":{"start":{"line":437,"column":0},"end":{"line":449,"column":2}},"98":{"start":{"line":438,"column":2},"end":{"line":438,"column":40}},"99":{"start":{"line":438,"column":30},"end":{"line":438,"column":40}},"100":{"start":{"line":439,"column":2},"end":{"line":439,"column":38}},"101":{"start":{"line":440,"column":2},"end":{"line":440,"column":13}},"102":{"start":{"line":442,"column":2},"end":{"line":444,"column":3}},"103":{"start":{"line":443,"column":4},"end":{"line":443,"column":44}},"104":{"start":{"line":445,"column":2},"end":{"line":447,"column":3}},"105":{"start":{"line":446,"column":4},"end":{"line":446,"column":26}},"106":{"start":{"line":448,"column":2},"end":{"line":448,"column":40}},"107":{"start":{"line":463,"column":0},"end":{"line":472,"column":2}},"108":{"start":{"line":464,"column":2},"end":{"line":464,"column":27}},"109":{"start":{"line":465,"column":2},"end":{"line":465,"column":18}},"110":{"start":{"line":467,"column":2},"end":{"line":467,"column":33}},"111":{"start":{"line":468,"column":2},"end":{"line":470,"column":3}},"112":{"start":{"line":469,"column":4},"end":{"line":469,"column":35}},"113":{"start":{"line":471,"column":2},"end":{"line":471,"column":16}},"114":{"start":{"line":491,"column":0},"end":{"line":500,"column":2}},"115":{"start":{"line":492,"column":2},"end":{"line":492,"column":31}},"116":{"start":{"line":493,"column":2},"end":{"line":493,"column":18}},"117":{"start":{"line":495,"column":2},"end":{"line":495,"column":33}},"118":{"start":{"line":496,"column":2},"end":{"line":498,"column":3}},"119":{"start":{"line":497,"column":4},"end":{"line":497,"column":35}},"120":{"start":{"line":499,"column":2},"end":{"line":499,"column":16}},"121":{"start":{"line":514,"column":0},"end":{"line":534,"column":2}},"122":{"start":{"line":515,"column":2},"end":{"line":515,"column":40}},"123":{"start":{"line":515,"column":30},"end":{"line":515,"column":40}},"124":{"start":{"line":516,"column":2},"end":{"line":516,"column":26}},"125":{"start":{"line":518,"column":2},"end":{"line":520,"column":3}},"126":{"start":{"line":519,"column":4},"end":{"line":519,"column":40}},"127":{"start":{"line":522,"column":2},"end":{"line":525,"column":3}},"128":{"start":{"line":523,"column":4},"end":{"line":523,"column":18}},"129":{"start":{"line":524,"column":4},"end":{"line":524,"column":30}},"130":{"start":{"line":527,"column":2},"end":{"line":527,"column":26}},"131":{"start":{"line":528,"column":2},"end":{"line":528,"column":31}},"132":{"start":{"line":529,"column":2},"end":{"line":529,"column":18}},"133":{"start":{"line":530,"column":2},"end":{"line":532,"column":3}},"134":{"start":{"line":531,"column":4},"end":{"line":531,"column":33}},"135":{"start":{"line":533,"column":2},"end":{"line":533,"column":16}},"136":{"start":{"line":548,"column":0},"end":{"line":568,"column":2}},"137":{"start":{"line":549,"column":2},"end":{"line":549,"column":42}},"138":{"start":{"line":549,"column":32},"end":{"line":549,"column":42}},"139":{"start":{"line":550,"column":2},"end":{"line":550,"column":30}},"140":{"start":{"line":552,"column":2},"end":{"line":554,"column":3}},"141":{"start":{"line":553,"column":4},"end":{"line":553,"column":40}},"142":{"start":{"line":556,"column":2},"end":{"line":559,"column":3}},"143":{"start":{"line":557,"column":4},"end":{"line":557,"column":18}},"144":{"start":{"line":558,"column":4},"end":{"line":558,"column":47}},"145":{"start":{"line":561,"column":2},"end":{"line":561,"column":28}},"146":{"start":{"line":562,"column":2},"end":{"line":562,"column":33}},"147":{"start":{"line":563,"column":2},"end":{"line":563,"column":18}},"148":{"start":{"line":564,"column":2},"end":{"line":566,"column":3}},"149":{"start":{"line":565,"column":4},"end":{"line":565,"column":35}},"150":{"start":{"line":567,"column":2},"end":{"line":567,"column":16}},"151":{"start":{"line":583,"column":0},"end":{"line":616,"column":2}},"152":{"start":{"line":584,"column":2},"end":{"line":584,"column":42}},"153":{"start":{"line":584,"column":32},"end":{"line":584,"column":42}},"154":{"start":{"line":585,"column":2},"end":{"line":585,"column":18}},"155":{"start":{"line":587,"column":2},"end":{"line":599,"column":3}},"156":{"start":{"line":588,"column":4},"end":{"line":588,"column":19}},"157":{"start":{"line":590,"column":4},"end":{"line":590,"column":25}},"158":{"start":{"line":591,"column":4},"end":{"line":593,"column":5}},"159":{"start":{"line":592,"column":6},"end":{"line":592,"column":30}},"160":{"start":{"line":595,"column":4},"end":{"line":597,"column":5}},"161":{"start":{"line":596,"column":6},"end":{"line":596,"column":37}},"162":{"start":{"line":598,"column":4},"end":{"line":598,"column":18}},"163":{"start":{"line":601,"column":2},"end":{"line":605,"column":5}},"164":{"start":{"line":602,"column":4},"end":{"line":602,"column":27}},"165":{"start":{"line":603,"column":4},"end":{"line":603,"column":27}},"166":{"start":{"line":604,"column":4},"end":{"line":604,"column":40}},"167":{"start":{"line":607,"column":2},"end":{"line":609,"column":3}},"168":{"start":{"line":608,"column":4},"end":{"line":608,"column":28}},"169":{"start":{"line":611,"column":2},"end":{"line":611,"column":34}},"170":{"start":{"line":612,"column":2},"end":{"line":614,"column":3}},"171":{"start":{"line":613,"column":4},"end":{"line":613,"column":35}},"172":{"start":{"line":615,"column":2},"end":{"line":615,"column":16}}},"branchMap":{"1":{"line":27,"type":"if","locations":[{"start":{"line":27,"column":2},"end":{"line":27,"column":2}},{"start":{"line":27,"column":2},"end":{"line":27,"column":2}}]},"2":{"line":44,"type":"cond-expr","locations":[{"start":{"line":44,"column":18},"end":{"line":44,"column":56}},{"start":{"line":44,"column":60},"end":{"line":44,"column":62}}]},"3":{"line":44,"type":"cond-expr","locations":[{"start":{"line":44,"column":41},"end":{"line":44,"column":46}},{"start":{"line":44,"column":49},"end":{"line":44,"column":56}}]},"4":{"line":63,"type":"if","locations":[{"start":{"line":63,"column":2},"end":{"line":63,"column":2}},{"start":{"line":63,"column":2},"end":{"line":63,"column":2}}]},"5":{"line":111,"type":"binary-expr","locations":[{"start":{"line":111,"column":13},"end":{"line":111,"column":25}},{"start":{"line":111,"column":29},"end":{"line":111,"column":50}}]},"6":{"line":112,"type":"if","locations":[{"start":{"line":112,"column":2},"end":{"line":112,"column":2}},{"start":{"line":112,"column":2},"end":{"line":112,"column":2}}]},"7":{"line":124,"type":"if","locations":[{"start":{"line":124,"column":2},"end":{"line":124,"column":2}},{"start":{"line":124,"column":2},"end":{"line":124,"column":2}}]},"8":{"line":124,"type":"binary-expr","locations":[{"start":{"line":124,"column":6},"end":{"line":124,"column":13}},{"start":{"line":124,"column":17},"end":{"line":124,"column":35}}]},"9":{"line":148,"type":"if","locations":[{"start":{"line":148,"column":2},"end":{"line":148,"column":2}},{"start":{"line":148,"column":2},"end":{"line":148,"column":2}}]},"10":{"line":149,"type":"if","locations":[{"start":{"line":149,"column":2},"end":{"line":149,"column":2}},{"start":{"line":149,"column":2},"end":{"line":149,"column":2}}]},"11":{"line":233,"type":"if","locations":[{"start":{"line":233,"column":2},"end":{"line":233,"column":2}},{"start":{"line":233,"column":2},"end":{"line":233,"column":2}}]},"12":{"line":275,"type":"if","locations":[{"start":{"line":275,"column":2},"end":{"line":275,"column":2}},{"start":{"line":275,"column":2},"end":{"line":275,"column":2}}]},"13":{"line":276,"type":"cond-expr","locations":[{"start":{"line":277,"column":6},"end":{"line":277,"column":10}},{"start":{"line":278,"column":6},"end":{"line":278,"column":9}}]},"14":{"line":297,"type":"if","locations":[{"start":{"line":297,"column":2},"end":{"line":297,"column":2}},{"start":{"line":297,"column":2},"end":{"line":297,"column":2}}]},"15":{"line":319,"type":"if","locations":[{"start":{"line":319,"column":2},"end":{"line":319,"column":2}},{"start":{"line":319,"column":2},"end":{"line":319,"column":2}}]},"16":{"line":346,"type":"if","locations":[{"start":{"line":346,"column":2},"end":{"line":346,"column":2}},{"start":{"line":346,"column":2},"end":{"line":346,"column":2}}]},"17":{"line":347,"type":"if","locations":[{"start":{"line":347,"column":2},"end":{"line":347,"column":2}},{"start":{"line":347,"column":2},"end":{"line":347,"column":2}}]},"18":{"line":347,"type":"binary-expr","locations":[{"start":{"line":347,"column":6},"end":{"line":347,"column":31}},{"start":{"line":347,"column":35},"end":{"line":347,"column":52}}]},"19":{"line":348,"type":"binary-expr","locations":[{"start":{"line":348,"column":12},"end":{"line":348,"column":33}},{"start":{"line":348,"column":37},"end":{"line":348,"column":39}}]},"20":{"line":382,"type":"if","locations":[{"start":{"line":382,"column":2},"end":{"line":382,"column":2}},{"start":{"line":382,"column":2},"end":{"line":382,"column":2}}]},"21":{"line":387,"type":"if","locations":[{"start":{"line":387,"column":4},"end":{"line":387,"column":4}},{"start":{"line":387,"column":4},"end":{"line":387,"column":4}}]},"22":{"line":411,"type":"if","locations":[{"start":{"line":411,"column":2},"end":{"line":411,"column":2}},{"start":{"line":411,"column":2},"end":{"line":411,"column":2}}]},"23":{"line":412,"type":"if","locations":[{"start":{"line":412,"column":2},"end":{"line":412,"column":2}},{"start":{"line":412,"column":2},"end":{"line":412,"column":2}}]},"24":{"line":438,"type":"if","locations":[{"start":{"line":438,"column":2},"end":{"line":438,"column":2}},{"start":{"line":438,"column":2},"end":{"line":438,"column":2}}]},"25":{"line":442,"type":"if","locations":[{"start":{"line":442,"column":2},"end":{"line":442,"column":2}},{"start":{"line":442,"column":2},"end":{"line":442,"column":2}}]},"26":{"line":442,"type":"binary-expr","locations":[{"start":{"line":442,"column":6},"end":{"line":442,"column":33}},{"start":{"line":442,"column":37},"end":{"line":442,"column":56}}]},"27":{"line":443,"type":"binary-expr","locations":[{"start":{"line":443,"column":14},"end":{"line":443,"column":37}},{"start":{"line":443,"column":41},"end":{"line":443,"column":43}}]},"28":{"line":445,"type":"if","locations":[{"start":{"line":445,"column":2},"end":{"line":445,"column":2}},{"start":{"line":445,"column":2},"end":{"line":445,"column":2}}]},"29":{"line":515,"type":"if","locations":[{"start":{"line":515,"column":2},"end":{"line":515,"column":2}},{"start":{"line":515,"column":2},"end":{"line":515,"column":2}}]},"30":{"line":518,"type":"if","locations":[{"start":{"line":518,"column":2},"end":{"line":518,"column":2}},{"start":{"line":518,"column":2},"end":{"line":518,"column":2}}]},"31":{"line":522,"type":"if","locations":[{"start":{"line":522,"column":2},"end":{"line":522,"column":2}},{"start":{"line":522,"column":2},"end":{"line":522,"column":2}}]},"32":{"line":549,"type":"if","locations":[{"start":{"line":549,"column":2},"end":{"line":549,"column":2}},{"start":{"line":549,"column":2},"end":{"line":549,"column":2}}]},"33":{"line":552,"type":"if","locations":[{"start":{"line":552,"column":2},"end":{"line":552,"column":2}},{"start":{"line":552,"column":2},"end":{"line":552,"column":2}}]},"34":{"line":556,"type":"if","locations":[{"start":{"line":556,"column":2},"end":{"line":556,"column":2}},{"start":{"line":556,"column":2},"end":{"line":556,"column":2}}]},"35":{"line":584,"type":"if","locations":[{"start":{"line":584,"column":2},"end":{"line":584,"column":2}},{"start":{"line":584,"column":2},"end":{"line":584,"c
[...]
"column":24},"end":{"line":102,"column":49}}},"6":{"name":"(anonymous_6)","line":122,"loc":{"start":{"line":122,"column":18},"end":{"line":122,"column":43}}},"7":{"name":"(anonymous_7)","line":139,"loc":{"start":{"line":139,"column":18},"end":{"line":139,"column":35}}},"8":{"name":"(anonymous_8)","line":149,"loc":{"start":{"line":149,"column":16},"end":{"line":149,"column":33}}},"9":{"name":"(anonymous_9)","line":160,"loc":{"start":{"line":160,"column":22},"end":{"line":160,"column":50}}}},"statementMap":{"1":{"start":{"line":3,"column":0},"end":{"line":3,"column":31}},"2":{"start":{"line":9,"column":0},"end":{"line":9,"column":29}},"3":{"start":{"line":19,"column":0},"end":{"line":21,"column":2}},"4":{"start":{"line":20,"column":2},"end":{"line":20,"column":67}},"5":{"start":{"line":32,"column":0},"end":{"line":38,"column":2}},"6":{"start":{"line":33,"column":2},"end":{"line":33,"column":23}},"7":{"start":{"line":35,"column":2},"end":{"line":37,"column":23}},"8":{"start":{"line":50,"column":0},"end":{"line":52,"column":2}},"9":{"start":{"line":51,"column":2},"end":{"line":51,"column":59}},"10":{"start":{"line":64,"column":0},"end":{"line":88,"column":2}},"11":{"start":{"line":65,"column":2},"end":{"line":67,"column":3}},"12":{"start":{"line":66,"column":4},"end":{"line":66,"column":15}},"13":{"start":{"line":68,"column":2},"end":{"line":70,"column":3}},"14":{"start":{"line":69,"column":4},"end":{"line":69,"column":18}},"15":{"start":{"line":72,"column":2},"end":{"line":72,"column":19}},"16":{"start":{"line":74,"column":2},"end":{"line":74,"column":38}},"17":{"start":{"line":75,"column":2},"end":{"line":75,"column":39}},"18":{"start":{"line":76,"column":2},"end":{"line":76,"column":28}},"19":{"start":{"line":78,"column":2},"end":{"line":86,"column":3}},"20":{"start":{"line":79,"column":4},"end":{"line":79,"column":43}},"21":{"start":{"line":80,"column":4},"end":{"line":84,"column":5}},"22":{"start":{"line":81,"column":6},"end":{"line":81,"column":65}},"23":{"start":{"line":82,"column":6},"end":{"line":82,"column":26}},"24":{"start":{"line":83,"column":6},"end":{"line":83,"column":12}},"25":{"start":{"line":85,"column":4},"end":{"line":85,"column":10}},"26":{"start":{"line":87,"column":2},"end":{"line":87,"column":16}},"27":{"start":{"line":102,"column":0},"end":{"line":111,"column":2}},"28":{"start":{"line":103,"column":2},"end":{"line":105,"column":3}},"29":{"start":{"line":104,"column":4},"end":{"line":104,"column":15}},"30":{"start":{"line":106,"column":2},"end":{"line":108,"column":3}},"31":{"start":{"line":107,"column":4},"end":{"line":107,"column":15}},"32":{"start":{"line":109,"column":2},"end":{"line":109,"column":19}},"33":{"start":{"line":110,"column":2},"end":{"line":110,"column":38}},"34":{"start":{"line":122,"column":0},"end":{"line":131,"column":2}},"35":{"start":{"line":123,"column":2},"end":{"line":125,"column":3}},"36":{"start":{"line":124,"column":4},"end":{"line":124,"column":15}},"37":{"start":{"line":126,"column":2},"end":{"line":128,"column":3}},"38":{"start":{"line":127,"column":4},"end":{"line":127,"column":15}},"39":{"start":{"line":129,"column":2},"end":{"line":129,"column":19}},"40":{"start":{"line":130,"column":2},"end":{"line":130,"column":32}},"41":{"start":{"line":139,"column":0},"end":{"line":141,"column":2}},"42":{"start":{"line":140,"column":2},"end":{"line":140,"column":28}},"43":{"start":{"line":149,"column":0},"end":{"line":151,"column":2}},"44":{"start":{"line":150,"column":2},"end":{"line":150,"column":30}},"45":{"start":{"line":160,"column":0},"end":{"line":169,"column":2}},"46":{"start":{"line":161,"column":2},"end":{"line":163,"column":3}},"47":{"start":{"line":162,"column":4},"end":{"line":162,"column":15}},"48":{"start":{"line":164,"column":2},"end":{"line":166,"column":3}},"49":{"start":{"line":165,"column":4},"end":{"line":165,"column":18}},"50":{"start":{"line":167,"column":2},"end":{"line":167,"column":19}},"51":{"start":{"line":168,"column":2},"end":{"line":168,"column":39}}},"branchMap":{"1":{"line":65,"type":"if","locations":[{"start":{"line":65,"column":2},"end":{"line":65,"column":2}},{"start":{"line":65,"column":2},"end":{"line":65,"column":2}}]},"2":{"line":68,"type":"if","locations":[{"start":{"line":68,"column":2},"end":{"line":68,"column":2}},{"start":{"line":68,"column":2},"end":{"line":68,"column":2}}]},"3":{"line":80,"type":"if","locations":[{"start":{"line":80,"column":4},"end":{"line":80,"column":4}},{"start":{"line":80,"column":4},"end":{"line":80,"column":4}}]},"4":{"line":103,"type":"if","locations":[{"start":{"line":103,"column":2},"end":{"line":103,"column":2}},{"start":{"line":103,"column":2},"end":{"line":103,"column":2}}]},"5":{"line":106,"type":"if","locations":[{"start":{"line":106,"column":2},"end":{"line":106,"column":2}},{"start":{"line":106,"column":2},"end":{"line":106,"column":2}}]},"6":{"line":123,"type":"if","locations":[{"start":{"line":123,"column":2},"end":{"line":123,"column":2}},{"start":{"line":123,"column":2},"end":{"line":123,"column":2}}]},"7":{"line":126,"type":"if","locations":[{"start":{"line":126,"column":2},"end":{"line":126,"column":2}},{"start":{"line":126,"column":2},"end":{"line":126,"column":2}}]},"8":{"line":161,"type":"if","locations":[{"start":{"line":161,"column":2},"end":{"line":161,"column":2}},{"start":{"line":161,"column":2},"end":{"line":161,"column":2}}]},"9":{"line":164,"type":"if","locations":[{"start":{"line":164,"column":2},"end":{"line":164,"column":2}},{"start":{"line":164,"column":2},"end":{"line":164,"column":2}}]}},"code":["'use strict';","","var utils = require('./utils');","","/**"," * Expose `helpers`"," */","","var helpers = module.exports;","","/**"," * Add commas to numbers"," *"," * @param {Number} `num`"," * @return {Number}"," * @api public"," */","","helpers.addCommas = function(num) {","  return num.toString().replace(/(\\d)(?=(\\d\\d\\d)+(?!\\d))/g, '$1,');","};","","/**"," * Convert a string or number to a formatted phone number."," *"," * @param  {Number|String} `num` The phone number to format, e.g. `8005551212`"," * @return {Number} Formatted phone number: `(800) 555-1212`"," * @source http://bit.ly/QlPmPr"," * @api public"," */","","helpers.phoneNumber = function(num) {","  num = num.toString();","","  return '(' + num.substr(0, 3) + ') '","    + num.substr(3, 3) + '-'","    + num.substr(6, 4);","};","","/**"," * Generate a random number between two values"," *"," * @param  {Number} `min`"," * @param  {Number} `max`"," * @contributor Tim Douglas <https://github.com/timdouglas>"," * @return {String}"," * @api public"," */","","helpers.random = function(min, max) {","  return Math.floor(Math.random() * (max - min + 1)) + min;","};","","/**"," * Abbreviate numbers to the given number of `precision`. This is for"," * general numbers, not size in bytes."," *"," * @param  {Number} `number`"," * @param  {Number} `precision`"," * @return {String}"," * @api public"," */","","helpers.toAbbr = function(number, precision) {","  if (!utils.isNumber(number)) {","    number = 0;","  }","  if (utils.isUndefined(precision)) {","    precision = 2;","  }","","  number = +number;","  // 2 decimal places => 100, 3 => 1000, etc.","  precision = Math.pow(10, precision);","  var abbr = ['k', 'm', 'b', 't', 'q'];","  var len = abbr.length - 1;","","  while (len >= 0) {","    var size = Math.pow(10, (len + 1) * 3);","    if (size <= (number + 1)) {","      number = Math.round(number * precision / size) / precision;","      number += abbr[len];","      break;","    }","    len--;","  }","  return number;","};","","/**"," * Returns a string representing the given number in exponential notation."," *"," * ```js"," * {{toExponential number digits}};"," * ```"," * @param {Number} `number`"," * @param {Number} `fractionDigits` Optional. An integer specifying the number of digits to use after the decimal point. Defaults to as many digits as necessary to specify the number."," * @return {Number}"," * @api public"," */","","helpers.toExponential = function(number, digits) {","  if (!utils.isNumber(number)) {","    number = 0;","  }","  if (utils.isUndefined(digits)) {","    digits = 0;","  }","  number = +number;","  return number.toExponential(digits);","};","","/**"," * Formats the given number using fixed-point notation."," *"," * @param {Number} `number`"," * @param {Number} `digits` Optional. The number of digits to use after the decimal point; this may be a value between 0 and 20, inclusive, and implementations may optionally support a larger range of values. If this argument is omitted, it is treated as 0."," * @return {Number}"," * @api public"," */","","helpers.toFixed = function(number, digits) {","  if (!utils.isNumber(number)) {","    number = 0;","  }","  if (utils.isUndefined(digits)) {","    digits = 0;","  }","  number = +number;","  return number.toFixed(digits);","};","","/**"," * @param {Number} `number`"," * @return {Number}"," * @api public"," */","","helpers.toFloat = function(number) {","  return parseFloat(number);","};","","/**"," * @param {Number} `number`"," * @return {Number}"," * @api public"," */","","helpers.toInt = function(number) {","  return parseInt(number, 10);","};","","/**"," * @param {Number} `number`"," * @param {Number} `precision` Optional. The number of significant digits."," * @return {Number}"," * @api public"," */","","helpers.toPrecision = function(number, precision) {","  if (!utils.isNumber(number)) {","    number = 0;","  }","  if (utils.isUndefined(precision)) {","    precision = 1;","  }","  number = +number;","  return number.toPrecision(precision);","};",""],"l":{"3":1,"9":1,"19":1,"20":0,"32":1,"33":0,"35":0,"50":1,"51":0,"64":1,"65":0,"66":0,"68":0,"69":0,"72":0,"74":0,"75":0,"76":0,"78":0,"79":0,"80":0,"81":0,"82":0,"83":0,"85":0,"87":0,"102":1,"103":0,"104":0,"106":0,"107":0,"109":0,"110":0,"122":1,"123":0,"124":0,"126":0,"127":0,"129":0,"130":0,"139":1,"140":0,"149":1,"150":0,"160":1,"161":0,"162":0,"164":0,"165":0,"167":0,"168":0}},"/home/travis/build/npmtest/node-npmtest-handlebars-helpers/node_modules/handlebars-helpers/lib/path.js":{"path":"/home/travis/build/npmtest/node-npmtest-handlebars-helpers/node_modules/handlebars-helpers/lib/path.js","s":{"1":1,"2":1,"3":1,"4":1,"5":0,"6":0,"7":0,"8":0,"9":1,"10":0,"11":1,"12":0,"13":1,"14":0,"15":1,"16":0,"17":1,"18":0,"19":1,"20":0},"b":{"1":[0,0]},"f":{"1":0,"2":0,"3":0,"4":0,"5":0,"6":0,"7":0},"fnMap":{"1":{"name":"(anonymous_1)","line":24,"loc":{"start":{"line":24,"column":19},"end":{"line":24,"column":47}}},"2":{"name":"(anonymous_2)","line":43,"loc":{"start":{"line":43,"column":18},"end":{"line":43,"column":37}}},"3":{"name":"(anonymous_3)","line":60,"loc":{"start":{"line":60,"column":19},"end":{"line":60,"column":34}}},"4":{"name":"(anonymous_4)","line":76,"loc":{"start":{"line":76,"column":19},"end":{"line":76,"column":38}}},"5":{"name":"(anonymous_5)","line":92,"loc":{"start":{"line":92,"column":15},"end":{"line":92,"column":34}}},"6":{"name":"(anonymous_6)","line":108,"loc":{"start":{"line":108,"column":18},"end":{"line":108,"column":37}}},"7":{"name":"(anonymous_7)","line":132,"loc":{"start":{"line":132,"column":19},"end":{"line":132,"column":38}}}},"statementMap":{"1":{"start":{"line":3,"column":0},"end":{"line":3,"column":27}},"2":{"start":{"line":4,"column":0},"end":{"line":4,"column":31}},"3":{"start":{"line":10,"column":0},"end":{"line":10,"column":29}},"4":{"start":{"line":24,"column":0},"end":{"line":29,"column":2}},"5":{"start":{"line":25,"column":2},"end":{"line":25,"column":47}},"6":{"start":{"line":26,"column":2},"end":{"line":26,"column":82}},"7":{"start":{"line":27,"column":2},"end":{"line":27,"column":37}},"8":{"start":{"line":28,"column":2},"end":{"line":28,"column":37}},"9":{"start":{"line":43,"column":0},"end":{"line":45,"column":2}},"10":{"start":{"line":44,"column":2},"end":{"line":44,"column":32}},"11":{"start":{"line":60,"column":0},"end":{"line":62,"column":2}},"12":{"start":{"line":61,"column":2},"end":{"line":61,"column":30}},"13":{"start":{"line":76,"column":0},"end":{"line":78,"column":2}},"14":{"start":{"line":77,"column":2},"end":{"line":77,"column":33}},"15":{"start":{"line":92,"column":0},"end":{"line":94,"column":2}},"16":{"start":{"line":93,"column":2},"end":{"line":93,"column":57}},"17":{"start":{"line":108,"column":0},"end":{"line":110,"column":2}},"18":{"start":{"line":109,"column":2},"end":{"line":109,"column":32}},"19":{"start":{"line":132,"column":0},"end":{"line":134,"column":2}},"20":{"start":{"line":133,"column":2},"end":{"line":133,"column":62}}},"branchMap":{"1":{"line":27,"type":"binary-expr","locations":[{"start":{"line":27,"column":12},"end":{"line":27,"column":19}},{"start":{"line":27,"column":23},"end":{"line":27,"column":36}}]}},"code":["'use strict';","","var path = require('path');","var utils = require('./utils');","","/**"," * Expose `helpers`"," */","","var helpers = module.exports;","","/**"," * Get the directory path segment from the given `filepath`."," *"," * ```handlebars"," * {{absolute \"docs/toc.md\"}}"," * //=> 'docs'"," * ```"," * @param {String} `ext`"," * @return {String}"," * @api public"," */","","helpers.absolute = function(filepath, options) {","  var context = utils.merge({}, this, options);","  var ctx = utils.merge({}, context.root, context, context._parent, context.hash);","  var cwd = ctx.cwd || process.cwd();","  return path.resolve(cwd, filepath);","};","","/**"," * Get the directory path segment from the given `filepath`."," *"," * ```handlebars"," * {{dirname \"docs/toc.md\"}}"," * //=> 'docs'"," * ```"," * @param {String} `ext`"," * @return {String}"," * @api public"," */","","helpers.dirname = function(filepath) {","  return path.dirname(filepath);","};","","/**"," * Get the relative filepath from `a` to `b`."," *"," * ```handlebars"," * {{relative a b}}"," * ```"," *"," * @param {String} `a`"," * @param {String} `b`"," * @return {String}"," * @api public"," */","","helpers.relative = function(a, b) {","  return utils.relative(a, b);","};","","/**"," * Get the file extension from the given `filepath`."," *"," * ```handlebars"," * {{basename \"docs/toc.md\"}}"," * //=> 'toc.md'"," * ```"," * @param {String} `ext`"," * @return {String}"," * @api public"," */","","helpers.basename = function(filepath) {","  return path.basename(filepath);","};","","/**"," * Get the \"stem\" from the given `filepath`."," *"," * ```handlebars"," * {{stem \"docs/toc.md\"}}"," * //=> 'toc'"," * ```"," * @param {String} `filepath`"," * @return {String}"," * @api public"," */","","helpers.stem = function(filepath) {","  return path.basename(filepath, path.extname(filepath));","};","","/**"," * Get the file extension from the given `filepath`."," *"," * ```handlebars"," * {{extname \"docs/toc.md\"}}"," * //=> '.md'"," * ```"," * @param {String} `filepath`"," * @return {String}"," * @api public"," */","","helpers.extname = function(filepath) {","  return path.extname(filepath);","};","","/**"," * Get specific (joined) segments of a file path by passing a"," * range of array indices."," *"," * ```js"," * {{segments \"a/b/c/d\" \"2\" \"3\"}}"," * //=> 'c/d'"," *"," * {{segments \"a/b/c/d\" \"1\" \"3\"}}"," * //=> 'b/c/d'"," *"," * {{segments \"a/b/c/d\" \"1\" \"2\"}}"," * //=> 'b/c'"," * ```"," *"," * @param {String} `filepath` The file path to split into segments."," * @return {String} Returns a single, joined file path."," * @api public"," */","","helpers.segments = function(fp, a, b) {","  return utils.normalize(fp).split('/').slice(a, b).join('/');","};",""],"l":{"3":1,"4":1,"10":1,"24":1,"25":0,"26":0,"27":0,"28":0,"43":1,"44":0,"60":1,"61":0,"76":1,"77":0,"92":1,"93":0,"108":1,"109":0,"132":1,"133":0}},"/home/travis/build/npmtest/node-npmtest-handlebars-helpers/node_modules/handlebars-helpers/lib/url.js":{"path":"/home/travis/build/npmtest/node-npmtest-handlebars-helpers/node_modules/handlebars-helpers/lib/url.js","s":{"1":1,"2":1,"3":1,"4":0,"5":1,"6":0,"7":1,"8":0,"9":1,"10":0,"11":1,"12":0,"13":1,"14":0,"15":0,"16":0},"b":{},"f":{"1":0,"2":0,"3":0,"4":0,"5":0,"6":0},"fnMap":{"1":{"name":"(anonymous_1)","line":22,"loc":{"start":{"line":22,"column":20},"end":{"line":22,"column":34}}},"2":{"name":"(anonymous_2)","line":34,"loc":{"start":{"line":34,"column":20},"end":{"line":34,"column":34}}},"3":{"name":"(anonymous_3)","line":48,"loc":{"start":{"line":48,"column":21},"end":{"line":48,"column":42}}},"4":{"name":"(anonymous_4)","line":60,"loc":{"start":{"line":60,"column":19},"end":{"line":60,"column":33}}},"5":{"name":"(anonymous_5)","line":73,"loc":{"start":{"line":73,"column":27},"end":{"line":73,"column":41}}},"6":{"name":"(anonymous_6)","line":89,"loc":{"start":{"line":89,"column":24},"end":{"line":89,"column":38}}}},"statementMap":{"1":{"start":{"line":3,"column":0},"end":{"line":3,"column":25}},"2":{"start":{"line":9,"column":0},"end":{"line":9,"column":29}},"3":{"start":{"line":22,"column":0},"end":{"line":24,"column":2}},"4":{"start":{"line":23,"column":2},"end":{"line":23,"column":33}},"5":{"start":{"line":34,"column":0},"end":{"line":36,"column":2}},"6":{"start":{"line":35,"column":2},"end":{"line":35,"column":33}},"7":{"start":{"line":48,"column":0},"end":{"line":50,"column":2}},"8":{"start":{"line":49,"column":2},"end":{"line":49,"column":33}},"9":{"start":{"line":60,"column":0},"end":{"line":62,"column":2}},"10":{"start":{"line":61,"column":2},"end":{"line":61,"column":24}},"11":{"start":{"line":73,"column":0},"end":{"line":75,"column":2}},"12":{"start":{"line":74,"column":2},"end":{"line":74,"column":27}},"13":{"start":{"line":89,"column":0},"end":{"line":93,"column":2}},"14":{"start":{"line":90,"column":2},"end":{"line":90,"column":30}},"15":{"start":{"line":91,"column":2},"end":{"line":91,"column":25}},"16":{"start":{"line":92,"column":2},"end":{"line":92,"column":25}}},"branchMap":{},"code":["'use strict';","","var url = require('url');","","/**"," * Expose `helpers`"," */","","var helpers = module.exports;","","/**"," * Encodes a Uniform Resource Identifier (URI) component"," * by replacing each instance of certain characters by"," * one, two, three, or four escape sequences representing"," * the UTF-8 encoding of the character."," *"," * @param  {String} `str` The un-encoded string"," * @return {String} The endcoded string"," * @api public"," */","","helpers.encodeURI = function(str) {","  return encodeURIComponent(str);","};","","/**"," * Decode a Uniform Resource Identifier (URI) component."," *"," * @param  {String} `str`"," * @return {String}"," * @api public"," */","","helpers.decodeURI = function(str) {","  return decodeURIComponent(str);","};","","/**"," * Take a base URL, and a href URL, and resolve them as a"," * browser would for an anchor tag."," *"," * @param  {String} `base`"," * @param  {String} `href`"," * @return {String}"," * @api public"," */","","helpers.urlResolve = function(base, href) {","  return url.resolve(base, href);","};","","/**"," * Parses a `url` string into an object."," *"," * @param  {String} `str` URL string"," * @return {String} Returns stringified JSON"," * @api public"," */","","helpers.urlParse = function(str) {","  return url.parse(str);","};","","/**"," * Strip the query string from a `url`."," *"," * @name .stripQuerystring"," * @param {String} `url`"," * @return {String} the url without the queryString"," * @api public"," */","","helpers.stripQuerystring = function(url) {","  return url.split('?')[0];","};","","/**"," * Strip protocol from a `url`."," *"," * Useful for displaying media that may have an 'http' protocol"," * on secure connections.  Will change 'http://foo.bar to `//foo.bar`"," *"," * @name .stripProtocol"," * @param {String} `str`"," * @return {String} the url with http protocol stripped"," * @api public"," */","","helpers.stripProtocol = function(str) {","  var parsed = url.parse(str);","  delete parsed.protocol;","  return parsed.format();","};",""],"l":{"3":1,"9":1,"22":1,"23":0,"34":1,"35":0,"48":1,"49":0,"60":1,"61":0,"73":1,"74":0,"89":1,"90":0,"91":0,"92":0}}}